2023-04-09T13:28:45.632Z - info: Website generation (lazy) started at 9:28:41 pm
2023-04-09T13:28:57.407Z - info: Building assets...
2023-04-09T13:29:05.395Z - info: Assets built
2023-04-09T13:29:05.396Z - info: Generating landing page...
2023-04-09T13:29:06.473Z - info: Landing page built, other pages will be built as you navigate to them!
2023-04-09T13:29:07.535Z - info: Site data built
2023-04-09T13:29:07.535Z - info: Website generation (lazy) complete! Total build time: 26.498s
2023-04-09T13:29:08.417Z - info: Serving "C:\repos\nus-cs2103\cs2103-website-base\_site" at http://127.0.0.1:8080
2023-04-09T13:29:08.418Z - info: Press CTRL+C to stop ...
2023-04-09T13:29:50.976Z - info: Building C:\repos\nus-cs2103\cs2103-website-base\admin\tp-pe as some of its dependencies were changed since the last visit
2023-04-09T13:29:52.341Z - info: Site data built
2023-04-09T13:29:52.342Z - info: Lazy website regeneration complete! Total build time: 1.366s
2023-04-09T13:30:48.773Z - info: [9:30:48 pm] Reload for file change: C:\repos\nus-cs2103\cs2103-website-base\admin\tp-ped-fragment.md
2023-04-09T13:30:48.774Z - info: Synchronizing opened pages list before reload
2023-04-09T13:30:48.775Z - info: Current opened pages, from most-to-least recent:
2023-04-09T13:30:48.776Z - info: 1. admin/tp-pe
2023-04-09T13:30:49.793Z - info: Rebuilding 1 pages
2023-04-09T13:30:50.773Z - info: Site data built
2023-04-09T13:30:50.773Z - info: Pages rebuilt
2023-04-09T13:30:50.773Z - info: Website regeneration complete! Total build time: 0.981s
2023-04-09T13:45:20.723Z - info: [9:45:20 pm] Reload for file add: C:\repos\nus-cs2103\cs2103-website-base\admin\files\JohnDoe.zip
2023-04-09T13:45:20.723Z - info: Synchronizing opened pages list before reload
2023-04-09T13:45:20.724Z - info: Current opened pages, from most-to-least recent:
2023-04-09T13:45:20.724Z - info: 1. admin/tp-pe
2023-04-09T13:45:26.620Z - info: Assets built
2023-04-09T13:47:09.561Z - info: [9:47:09 pm] Reload for file change: C:\repos\nus-cs2103\cs2103-website-base\admin\tp-ped-fragment.md
2023-04-09T13:47:09.561Z - info: Synchronizing opened pages list before reload
2023-04-09T13:47:09.561Z - info: Current opened pages, from most-to-least recent:
2023-04-09T13:47:09.562Z - info: 1. admin/tp-pe
2023-04-09T13:47:10.577Z - info: Rebuilding 1 pages
2023-04-09T13:47:11.302Z - info: Site data built
2023-04-09T13:47:11.302Z - info: Pages rebuilt
2023-04-09T13:47:11.302Z - info: Website regeneration complete! Total build time: 0.726s
2023-04-09T13:48:29.189Z - info: [9:48:29 pm] Reload for file change: C:\repos\nus-cs2103\cs2103-website-base\admin\tp-ped-fragment.md
2023-04-09T13:48:29.189Z - info: Synchronizing opened pages list before reload
2023-04-09T13:48:29.190Z - info: Current opened pages, from most-to-least recent:
2023-04-09T13:48:29.191Z - info: 1. admin/tp-pe
2023-04-09T13:48:30.196Z - info: Rebuilding 1 pages
2023-04-09T13:48:31.146Z - info: Site data built
2023-04-09T13:48:31.147Z - info: Pages rebuilt
2023-04-09T13:48:31.147Z - info: Website regeneration complete! Total build time: 0.952s
2023-04-09T13:49:43.549Z - info: [9:49:43 pm] Reload for file change: C:\repos\nus-cs2103\cs2103-website-base\admin\tp-ped-fragment.md
2023-04-09T13:49:43.550Z - info: Synchronizing opened pages list before reload
2023-04-09T13:49:43.550Z - info: Current opened pages, from most-to-least recent:
2023-04-09T13:49:43.551Z - info: 1. admin/tp-pe
2023-04-09T13:49:44.560Z - info: Rebuilding 1 pages
2023-04-09T13:49:45.547Z - info: Site data built
2023-04-09T13:49:45.547Z - info: Pages rebuilt
2023-04-09T13:49:45.548Z - info: Website regeneration complete! Total build time: 0.988s
2023-04-09T13:55:59.014Z - info: [9:55:59 pm] Reload for file change: C:\repos\nus-cs2103\cs2103-website-base\admin\tp-ped-fragment.md
2023-04-09T13:55:59.015Z - info: Synchronizing opened pages list before reload
2023-04-09T13:55:59.016Z - info: Current opened pages, from most-to-least recent:
2023-04-09T13:55:59.016Z - info: 1. admin/tp-pe
2023-04-09T13:56:00.020Z - info: Rebuilding 1 pages
2023-04-09T13:56:01.018Z - info: Site data built
2023-04-09T13:56:01.018Z - info: Pages rebuilt
2023-04-09T13:56:01.018Z - info: Website regeneration complete! Total build time: 0.999s
2023-04-09T13:59:49.341Z - info: Website generation started at 9:59:46 pm
2023-04-09T14:00:07.565Z - info: Building assets...
2023-04-09T14:00:17.458Z - info: Assets built
2023-04-09T14:00:17.460Z - info: Generating pages...
2023-04-09T14:00:32.472Z - debug:  
2023-04-09T14:00:32.489Z - debug:  
2023-04-09T14:00:32.509Z - debug:  
2023-04-09T14:00:32.522Z - debug:  
2023-04-09T14:00:32.625Z - debug:  
2023-04-09T14:00:36.733Z - debug:  
2023-04-09T14:00:36.733Z - debug:  
2023-04-09T14:00:36.733Z - debug:  
2023-04-09T14:00:36.734Z - debug:  
2023-04-09T14:00:36.734Z - debug:  
2023-04-09T14:00:36.734Z - debug:  
2023-04-09T14:00:36.734Z - debug:  
2023-04-09T14:00:37.338Z - debug:  
2023-04-09T14:02:40.508Z - debug:  
2023-04-09T14:02:52.801Z - debug:  
2023-04-09T14:02:52.819Z - debug:  
2023-04-09T14:03:01.289Z - info: Pages built
2023-04-09T14:03:02.480Z - info: Site data built
2023-04-09T14:03:02.480Z - info: Website generation complete! Total build time: 196.322s
2023-04-09T14:03:02.480Z - info: Build success!
2023-04-09T14:06:57.201Z - info: The website has been deployed at: https://nus-cs2103-ay2223s2.github.io/website
