2023-01-19T16:01:35.746Z - info: The website has been deployed at: https://nus-cs2103-ay2223s2.github.io/website
2023-01-20T13:18:08.371Z - info: Website generation started at 9:18:03 pm
2023-01-20T13:18:18.189Z - info: Building assets...
2023-01-20T13:18:25.423Z - info: Assets built
2023-01-20T13:18:25.423Z - info: Generating pages...
2023-01-20T13:18:38.059Z - debug:  
2023-01-20T13:18:40.154Z - debug:  
2023-01-20T13:18:40.154Z - debug:  
2023-01-20T13:18:40.154Z - debug:  
2023-01-20T13:18:40.163Z - debug:  
2023-01-20T13:18:40.163Z - debug:  
2023-01-20T13:18:40.163Z - debug:  
2023-01-20T13:18:40.165Z - debug:  
2023-01-20T13:18:40.166Z - debug:  
2023-01-20T13:18:40.166Z - debug:  
2023-01-20T13:18:40.166Z - debug:  
2023-01-20T13:18:40.166Z - debug:  
2023-01-20T13:18:40.502Z - debug:  
2023-01-20T13:20:28.718Z - debug:  
2023-01-20T13:20:43.182Z - debug:  
2023-01-20T13:20:43.182Z - debug:  
2023-01-20T13:20:49.683Z - info: Pages built
2023-01-20T13:20:50.840Z - info: Site data built
2023-01-20T13:20:50.840Z - info: Website generation complete! Total build time: 167.12s
2023-01-20T13:20:50.840Z - info: Build success!
2023-01-20T13:26:14.031Z - info: The website has been deployed at: https://nus-cs2103-ay2223s2.github.io/website
2023-01-20T15:38:38.624Z - info: Website generation started at 11:38:33 pm
2023-01-20T15:38:52.382Z - info: Building assets...
2023-01-20T15:39:04.507Z - info: Assets built
2023-01-20T15:39:04.508Z - info: Generating pages...
2023-01-20T15:39:20.174Z - debug:  
2023-01-20T15:39:20.180Z - debug:  
2023-01-20T15:39:22.960Z - debug:  
2023-01-20T15:39:22.960Z - debug:  
2023-01-20T15:39:22.961Z - debug:  
2023-01-20T15:39:22.961Z - debug:  
2023-01-20T15:39:22.961Z - debug:  
2023-01-20T15:39:22.961Z - debug:  
2023-01-20T15:39:22.961Z - debug:  
2023-01-20T15:39:22.962Z - debug:  
2023-01-20T15:39:22.962Z - debug:  
2023-01-20T15:39:22.962Z - debug:  
2023-01-20T15:39:23.470Z - debug:  
2023-01-20T15:41:16.430Z - debug:  
2023-01-20T15:41:28.502Z - debug:  
2023-01-20T15:41:28.503Z - debug:  
2023-01-20T15:41:32.708Z - info: Pages built
2023-01-20T15:41:33.969Z - info: Site data built
2023-01-20T15:41:33.969Z - info: Website generation complete! Total build time: 180.739s
2023-01-20T15:41:33.969Z - info: Build success!
2023-01-20T15:44:26.197Z - info: The website has been deployed at: https://nus-tic4002-ay2223s2.github.io/website
