2023-04-04T12:10:16.858Z - info: Website generation started at 8:10:11 pm
2023-04-04T12:10:28.523Z - info: Building assets...
2023-04-04T12:10:36.250Z - info: Assets built
2023-04-04T12:10:36.250Z - info: Generating pages...
2023-04-04T12:10:47.017Z - debug:  
2023-04-04T12:10:47.018Z - debug:  
2023-04-04T12:10:47.019Z - debug:  
2023-04-04T12:10:47.019Z - debug:  
2023-04-04T12:10:47.020Z - debug:  
2023-04-04T12:10:47.565Z - debug:  
2023-04-04T12:10:47.565Z - debug:  
2023-04-04T12:10:47.779Z - debug:  
2023-04-04T12:10:52.205Z - debug:  
2023-04-04T12:10:52.206Z - debug:  
2023-04-04T12:10:54.055Z - debug:  
2023-04-04T12:11:08.187Z - debug:  
2023-04-04T12:11:23.098Z - debug:  
2023-04-04T12:12:03.605Z - info: Pages built
2023-04-04T12:12:04.671Z - info: Site data built
2023-04-04T12:12:04.671Z - info: Website generation complete! Total build time: 113.525s
2023-04-04T12:12:04.671Z - info: Build success!
2023-04-04T12:16:34.127Z - info: The website has been deployed at: https://nus-tee3201.github.io/2023
2023-04-04T14:44:20.900Z - info: Website generation (lazy) started at 10:44:11 pm
2023-04-04T14:44:35.794Z - info: Building assets...
2023-04-04T14:44:48.216Z - info: Assets built
2023-04-04T14:44:48.221Z - info: Generating landing page...
2023-04-04T14:44:49.333Z - info: Landing page built, other pages will be built as you navigate to them!
2023-04-04T14:44:50.846Z - info: Site data built
2023-04-04T14:44:50.847Z - info: Website generation (lazy) complete! Total build time: 39.256s
2023-04-04T14:44:52.105Z - info: Serving "C:\repos\nus-cs2103\cs2103-website-base\_site" at http://127.0.0.1:8080
2023-04-04T14:44:52.106Z - info: Press CTRL+C to stop ...
2023-04-04T14:52:12.876Z - info: Website generation (lazy) started at 10:52:10 pm
2023-04-04T14:52:24.175Z - info: Building assets...
2023-04-04T14:52:32.120Z - info: Assets built
2023-04-04T14:52:32.121Z - info: Generating landing page...
2023-04-04T14:52:32.796Z - info: Landing page built, other pages will be built as you navigate to them!
2023-04-04T14:52:33.824Z - info: Site data built
2023-04-04T14:52:33.824Z - info: Website generation (lazy) complete! Total build time: 22.859s
2023-04-04T14:52:34.690Z - info: Serving "C:\repos\nus-cs2103\cs2103-website-base\_site" at http://127.0.0.1:8080
2023-04-04T14:52:34.690Z - info: Press CTRL+C to stop ...
2023-04-04T14:55:29.301Z - info: Website generation (lazy) started at 10:55:27 pm
2023-04-04T14:55:40.477Z - info: Building assets...
2023-04-04T14:55:48.938Z - info: Assets built
2023-04-04T14:55:48.939Z - info: Generating landing page...
2023-04-04T14:55:49.906Z - info: Landing page built, other pages will be built as you navigate to them!
2023-04-04T14:55:50.667Z - info: Site data built
2023-04-04T14:55:50.667Z - info: Website generation (lazy) complete! Total build time: 23.305s
2023-04-04T14:55:51.488Z - info: Serving "C:\repos\nus-cs2103\cs2103-website-base\_site" at http://127.0.0.1:8080
2023-04-04T14:55:51.488Z - info: Press CTRL+C to stop ...
2023-04-04T14:57:04.534Z - info: Building C:\repos\nus-cs2103\cs2103-website-base\schedule\week12\project as some of its dependencies were changed since the last visit
2023-04-04T14:57:10.533Z - info: Site data built
2023-04-04T14:57:10.535Z - info: Lazy website regeneration complete! Total build time: 6.001s
2023-04-04T14:59:49.028Z - info: [10:59:49 pm] Reload for file change: C:\repos\nus-cs2103\cs2103-website-base\admin\tp-tasks-fragment.md
2023-04-04T14:59:49.029Z - info: Synchronizing opened pages list before reload
2023-04-04T14:59:49.030Z - info: Current opened pages, from most-to-least recent:
2023-04-04T14:59:49.030Z - info: 1. schedule/week12/project
2023-04-04T14:59:50.039Z - info: Rebuilding 1 pages
2023-04-04T14:59:53.201Z - info: Site data built
2023-04-04T14:59:53.202Z - info: Pages rebuilt
2023-04-04T14:59:53.202Z - info: Website regeneration complete! Total build time: 3.164s
2023-04-04T15:02:12.509Z - info: [11:02:12 pm] Reload for file change: C:\repos\nus-cs2103\cs2103-website-base\admin\tp-tasks-fragment.md
2023-04-04T15:02:12.510Z - info: Synchronizing opened pages list before reload
2023-04-04T15:02:12.511Z - info: Current opened pages, from most-to-least recent:
2023-04-04T15:02:12.511Z - info: 1. schedule/week12/project
2023-04-04T15:02:13.515Z - info: Rebuilding 1 pages
2023-04-04T15:02:16.625Z - info: Site data built
2023-04-04T15:02:16.625Z - info: Pages rebuilt
2023-04-04T15:02:16.626Z - info: Website regeneration complete! Total build time: 3.112s
2023-04-04T15:04:24.949Z - info: [11:04:24 pm] Reload for file change: C:\repos\nus-cs2103\cs2103-website-base\admin\tp-tasks-fragment.md
2023-04-04T15:04:24.949Z - info: Synchronizing opened pages list before reload
2023-04-04T15:04:24.950Z - info: Current opened pages, from most-to-least recent:
2023-04-04T15:04:24.950Z - info: 1. schedule/week12/project
2023-04-04T15:04:25.954Z - info: Rebuilding 1 pages
2023-04-04T15:04:28.622Z - info: Site data built
2023-04-04T15:04:28.622Z - info: Pages rebuilt
2023-04-04T15:04:28.623Z - info: Website regeneration complete! Total build time: 2.67s
2023-04-04T15:06:33.879Z - info: [11:06:33 pm] Reload for file change: C:\repos\nus-cs2103\cs2103-website-base\admin\tp-tasks-fragment.md
2023-04-04T15:06:33.880Z - info: Synchronizing opened pages list before reload
2023-04-04T15:06:33.880Z - info: Current opened pages, from most-to-least recent:
2023-04-04T15:06:33.880Z - info: 1. schedule/week12/project
2023-04-04T15:06:34.904Z - info: Rebuilding 1 pages
2023-04-04T15:06:37.712Z - info: Site data built
2023-04-04T15:06:37.712Z - info: Pages rebuilt
2023-04-04T15:06:37.712Z - info: Website regeneration complete! Total build time: 2.809s
2023-04-04T15:07:02.636Z - info: [11:07:02 pm] Reload for file change: C:\repos\nus-cs2103\cs2103-website-base\admin\tp-tasks-fragment.md
2023-04-04T15:07:02.637Z - info: Synchronizing opened pages list before reload
2023-04-04T15:07:02.637Z - info: Current opened pages, from most-to-least recent:
2023-04-04T15:07:02.637Z - info: 1. schedule/week12/project
2023-04-04T15:07:03.656Z - info: Rebuilding 1 pages
2023-04-04T15:07:06.401Z - info: Site data built
2023-04-04T15:07:06.402Z - info: Pages rebuilt
2023-04-04T15:07:06.402Z - info: Website regeneration complete! Total build time: 2.747s
2023-04-04T15:15:18.098Z - info: [11:15:18 pm] Reload for file change: C:\repos\nus-cs2103\cs2103-website-base\admin\tp-tasks-fragment.md
2023-04-04T15:15:18.099Z - info: Synchronizing opened pages list before reload
2023-04-04T15:15:18.099Z - info: Current opened pages, from most-to-least recent:
2023-04-04T15:15:18.099Z - info: 1. schedule/week12/project
2023-04-04T15:15:19.107Z - info: Rebuilding 1 pages
2023-04-04T15:15:21.799Z - info: Site data built
2023-04-04T15:15:21.800Z - info: Pages rebuilt
2023-04-04T15:15:21.800Z - info: Website regeneration complete! Total build time: 2.694s
2023-04-04T15:15:44.686Z - info: [11:15:44 pm] Reload for file change: C:\repos\nus-cs2103\cs2103-website-base\admin\tp-tasks-fragment.md
2023-04-04T15:15:44.686Z - info: Synchronizing opened pages list before reload
2023-04-04T15:15:44.687Z - info: Current opened pages, from most-to-least recent:
2023-04-04T15:15:44.687Z - info: 1. schedule/week12/project
2023-04-04T15:15:45.690Z - info: Rebuilding 1 pages
2023-04-04T15:15:48.744Z - info: Site data built
2023-04-04T15:15:48.745Z - info: Pages rebuilt
2023-04-04T15:15:48.745Z - info: Website regeneration complete! Total build time: 3.055s
2023-04-04T15:18:59.282Z - info: [11:18:59 pm] Reload for file change: C:\repos\nus-cs2103\cs2103-website-base\admin\tp-tasks-fragment.md
2023-04-04T15:18:59.283Z - info: Synchronizing opened pages list before reload
2023-04-04T15:18:59.283Z - info: Current opened pages, from most-to-least recent:
2023-04-04T15:18:59.284Z - info: 1. schedule/week12/project
2023-04-04T15:19:00.287Z - info: Rebuilding 1 pages
2023-04-04T15:19:02.983Z - info: Site data built
2023-04-04T15:19:02.983Z - info: Pages rebuilt
2023-04-04T15:19:02.984Z - info: Website regeneration complete! Total build time: 2.697s
2023-04-04T15:22:03.227Z - info: [11:22:03 pm] Reload for file change: C:\repos\nus-cs2103\cs2103-website-base\admin\tp-tasks-fragment.md
2023-04-04T15:22:03.227Z - info: Synchronizing opened pages list before reload
2023-04-04T15:22:03.228Z - info: Current opened pages, from most-to-least recent:
2023-04-04T15:22:03.228Z - info: 1. schedule/week12/project
2023-04-04T15:22:04.238Z - info: Rebuilding 1 pages
2023-04-04T15:22:07.062Z - info: Site data built
2023-04-04T15:22:07.062Z - info: Pages rebuilt
2023-04-04T15:22:07.062Z - info: Website regeneration complete! Total build time: 2.826s
2023-04-04T15:22:41.616Z - info: [11:22:41 pm] Reload for file change: C:\repos\nus-cs2103\cs2103-website-base\admin\tp-tasks-fragment.md
2023-04-04T15:22:41.617Z - info: Synchronizing opened pages list before reload
2023-04-04T15:22:41.617Z - info: Current opened pages, from most-to-least recent:
2023-04-04T15:22:41.617Z - info: 1. schedule/week12/project
2023-04-04T15:22:42.634Z - info: Rebuilding 1 pages
2023-04-04T15:22:45.330Z - info: Site data built
2023-04-04T15:22:45.331Z - info: Pages rebuilt
2023-04-04T15:22:45.331Z - info: Website regeneration complete! Total build time: 2.698s
2023-04-04T15:23:44.815Z - info: [11:23:44 pm] Reload for file change: C:\repos\nus-cs2103\cs2103-website-base\admin\tp-tasks-fragment.md
2023-04-04T15:23:44.815Z - info: Synchronizing opened pages list before reload
2023-04-04T15:23:44.815Z - info: Current opened pages, from most-to-least recent:
2023-04-04T15:23:44.816Z - info: 1. schedule/week12/project
2023-04-04T15:23:45.832Z - info: Rebuilding 1 pages
2023-04-04T15:23:48.577Z - info: Site data built
2023-04-04T15:23:48.577Z - info: Pages rebuilt
2023-04-04T15:23:48.578Z - info: Website regeneration complete! Total build time: 2.747s
2023-04-04T15:24:08.568Z - info: [11:24:08 pm] Reload for file change: C:\repos\nus-cs2103\cs2103-website-base\admin\tp-tasks-fragment.md
2023-04-04T15:24:08.569Z - info: Synchronizing opened pages list before reload
2023-04-04T15:24:08.569Z - info: Current opened pages, from most-to-least recent:
2023-04-04T15:24:08.569Z - info: 1. schedule/week12/project
2023-04-04T15:24:09.576Z - info: Rebuilding 1 pages
2023-04-04T15:24:12.206Z - info: Site data built
2023-04-04T15:24:12.206Z - info: Pages rebuilt
2023-04-04T15:24:12.207Z - info: Website regeneration complete! Total build time: 2.632s
2023-04-04T15:24:44.413Z - info: [11:24:44 pm] Reload for file change: C:\repos\nus-cs2103\cs2103-website-base\admin\tp-tasks-fragment.md
2023-04-04T15:24:44.414Z - info: Synchronizing opened pages list before reload
2023-04-04T15:24:44.414Z - info: Current opened pages, from most-to-least recent:
2023-04-04T15:24:44.415Z - info: 1. schedule/week12/project
2023-04-04T15:24:45.438Z - info: Rebuilding 1 pages
2023-04-04T15:24:48.187Z - info: Site data built
2023-04-04T15:24:48.187Z - info: Pages rebuilt
2023-04-04T15:24:48.187Z - info: Website regeneration complete! Total build time: 2.75s
2023-04-04T15:26:52.542Z - info: [11:26:52 pm] Reload for file change: C:\repos\nus-cs2103\cs2103-website-base\admin\tp-tasks-fragment.md
2023-04-04T15:26:52.543Z - info: Synchronizing opened pages list before reload
2023-04-04T15:26:52.543Z - info: Current opened pages, from most-to-least recent:
2023-04-04T15:26:52.544Z - info: 1. schedule/week12/project
2023-04-04T15:26:53.567Z - info: Rebuilding 1 pages
2023-04-04T15:26:56.415Z - info: Site data built
2023-04-04T15:26:56.415Z - info: Pages rebuilt
2023-04-04T15:26:56.416Z - info: Website regeneration complete! Total build time: 2.85s
2023-04-04T15:40:24.010Z - info: [11:40:24 pm] Reload for file change: C:\repos\nus-cs2103\cs2103-website-base\admin\tp-tasks-fragment.md
2023-04-04T15:40:24.010Z - info: Synchronizing opened pages list before reload
2023-04-04T15:40:24.011Z - info: Current opened pages, from most-to-least recent:
2023-04-04T15:40:24.011Z - info: 1. schedule/week12/project
2023-04-04T15:40:25.020Z - info: Rebuilding 1 pages
2023-04-04T15:40:28.006Z - info: Site data built
2023-04-04T15:40:28.006Z - info: Pages rebuilt
2023-04-04T15:40:28.007Z - info: Website regeneration complete! Total build time: 2.989s
2023-04-04T15:42:23.137Z - info: [11:42:23 pm] Reload for file change: C:\repos\nus-cs2103\cs2103-website-base\admin\tp-tasks-fragment.md
2023-04-04T15:42:23.138Z - info: Synchronizing opened pages list before reload
2023-04-04T15:42:23.138Z - info: Current opened pages, from most-to-least recent:
2023-04-04T15:42:23.138Z - info: 1. schedule/week12/project
2023-04-04T15:42:24.154Z - info: Rebuilding 1 pages
2023-04-04T15:42:26.748Z - info: Site data built
2023-04-04T15:42:26.749Z - info: Pages rebuilt
2023-04-04T15:42:26.749Z - info: Website regeneration complete! Total build time: 2.596s
2023-04-04T15:42:51.833Z - info: [11:42:51 pm] Reload for file change: C:\repos\nus-cs2103\cs2103-website-base\admin\tp-tasks-fragment.md
2023-04-04T15:42:51.833Z - info: Synchronizing opened pages list before reload
2023-04-04T15:42:51.833Z - info: Current opened pages, from most-to-least recent:
2023-04-04T15:42:51.833Z - info: 1. schedule/week12/project
2023-04-04T15:42:52.846Z - info: Rebuilding 1 pages
2023-04-04T15:42:55.494Z - info: Site data built
2023-04-04T15:42:55.494Z - info: Pages rebuilt
2023-04-04T15:42:55.494Z - info: Website regeneration complete! Total build time: 2.648s
2023-04-04T15:43:41.290Z - info: [11:43:41 pm] Reload for file change: C:\repos\nus-cs2103\cs2103-website-base\admin\tp-tasks-fragment.md
2023-04-04T15:43:41.290Z - info: Synchronizing opened pages list before reload
2023-04-04T15:43:41.290Z - info: Current opened pages, from most-to-least recent:
2023-04-04T15:43:41.291Z - info: 1. schedule/week12/project
2023-04-04T15:43:42.303Z - info: Rebuilding 1 pages
2023-04-04T15:43:46.005Z - info: Site data built
2023-04-04T15:43:46.006Z - info: Pages rebuilt
2023-04-04T15:43:46.006Z - info: Website regeneration complete! Total build time: 3.704s
2023-04-04T15:44:07.055Z - info: [11:44:07 pm] Reload for file change: C:\repos\nus-cs2103\cs2103-website-base\admin\tp-tasks-fragment.md
2023-04-04T15:44:07.055Z - info: Synchronizing opened pages list before reload
2023-04-04T15:44:07.056Z - info: Current opened pages, from most-to-least recent:
2023-04-04T15:44:07.056Z - info: 1. schedule/week12/project
2023-04-04T15:44:08.069Z - info: Rebuilding 1 pages
2023-04-04T15:44:11.062Z - info: Site data built
2023-04-04T15:44:11.063Z - info: Pages rebuilt
2023-04-04T15:44:11.063Z - info: Website regeneration complete! Total build time: 2.995s
2023-04-04T15:44:22.657Z - info: [11:44:22 pm] Reload for file change: C:\repos\nus-cs2103\cs2103-website-base\admin\tp-tasks-fragment.md
2023-04-04T15:44:22.658Z - info: Synchronizing opened pages list before reload
2023-04-04T15:44:22.658Z - info: Current opened pages, from most-to-least recent:
2023-04-04T15:44:22.658Z - info: 1. schedule/week12/project
2023-04-04T15:44:23.669Z - info: Rebuilding 1 pages
2023-04-04T15:44:26.738Z - info: Site data built
2023-04-04T15:44:26.738Z - info: Pages rebuilt
2023-04-04T15:44:26.739Z - info: Website regeneration complete! Total build time: 3.069s
2023-04-04T15:44:37.528Z - info: [11:44:37 pm] Reload for file change: C:\repos\nus-cs2103\cs2103-website-base\admin\tp-tasks-fragment.md
2023-04-04T15:44:37.529Z - info: Synchronizing opened pages list before reload
2023-04-04T15:44:37.529Z - info: Current opened pages, from most-to-least recent:
2023-04-04T15:44:37.529Z - info: 1. schedule/week12/project
2023-04-04T15:44:38.541Z - info: Rebuilding 1 pages
2023-04-04T15:44:41.011Z - info: Site data built
2023-04-04T15:44:41.011Z - info: Pages rebuilt
2023-04-04T15:44:41.011Z - info: Website regeneration complete! Total build time: 2.47s
2023-04-04T15:45:05.210Z - info: [11:45:05 pm] Reload for file change: C:\repos\nus-cs2103\cs2103-website-base\admin\tp-tasks-fragment.md
2023-04-04T15:45:05.211Z - info: Synchronizing opened pages list before reload
2023-04-04T15:45:05.211Z - info: Current opened pages, from most-to-least recent:
2023-04-04T15:45:05.211Z - info: 1. schedule/week12/project
2023-04-04T15:45:06.226Z - info: Rebuilding 1 pages
2023-04-04T15:45:09.289Z - info: Site data built
2023-04-04T15:45:09.289Z - info: Pages rebuilt
2023-04-04T15:45:09.290Z - info: Website regeneration complete! Total build time: 3.064s
2023-04-04T15:45:30.653Z - info: [11:45:30 pm] Reload for file change: C:\repos\nus-cs2103\cs2103-website-base\admin\tp-tasks-fragment.md
2023-04-04T15:45:30.654Z - info: Synchronizing opened pages list before reload
2023-04-04T15:45:30.654Z - info: Current opened pages, from most-to-least recent:
2023-04-04T15:45:30.655Z - info: 1. schedule/week12/project
2023-04-04T15:45:31.666Z - info: Rebuilding 1 pages
2023-04-04T15:45:34.958Z - info: Site data built
2023-04-04T15:45:34.959Z - info: Pages rebuilt
2023-04-04T15:45:34.959Z - info: Website regeneration complete! Total build time: 3.294s
2023-04-04T15:45:42.894Z - info: [11:45:42 pm] Reload for file change: C:\repos\nus-cs2103\cs2103-website-base\admin\tp-tasks-fragment.md
2023-04-04T15:45:42.894Z - info: Synchronizing opened pages list before reload
2023-04-04T15:45:42.894Z - info: Current opened pages, from most-to-least recent:
2023-04-04T15:45:42.894Z - info: 1. schedule/week12/project
2023-04-04T15:45:43.904Z - info: Rebuilding 1 pages
2023-04-04T15:45:46.843Z - info: Site data built
2023-04-04T15:45:46.843Z - info: Pages rebuilt
2023-04-04T15:45:46.843Z - info: Website regeneration complete! Total build time: 2.941s
2023-04-04T15:47:58.892Z - info: [11:47:58 pm] Reload for file change: C:\repos\nus-cs2103\cs2103-website-base\admin\tp-tasks-fragment.md
2023-04-04T15:47:58.893Z - info: Synchronizing opened pages list before reload
2023-04-04T15:47:58.893Z - info: Current opened pages, from most-to-least recent:
2023-04-04T15:47:58.893Z - info: 1. schedule/week12/project
2023-04-04T15:47:59.907Z - info: Rebuilding 1 pages
2023-04-04T15:48:02.804Z - info: Site data built
2023-04-04T15:48:02.804Z - info: Pages rebuilt
2023-04-04T15:48:02.805Z - info: Website regeneration complete! Total build time: 2.898s
2023-04-04T15:49:27.081Z - info: Website generation started at 11:49:25 pm
2023-04-04T15:49:39.031Z - info: Building assets...
2023-04-04T15:49:48.499Z - info: Assets built
2023-04-04T15:49:48.500Z - info: Generating pages...
2023-04-04T15:50:04.299Z - debug:  
2023-04-04T15:50:04.353Z - debug:  
2023-04-04T15:50:07.849Z - debug:  
2023-04-04T15:50:07.849Z - debug:  
2023-04-04T15:50:07.850Z - debug:  
2023-04-04T15:50:07.850Z - debug:  
2023-04-04T15:50:07.851Z - debug:  
2023-04-04T15:50:07.851Z - debug:  
2023-04-04T15:50:07.851Z - debug:  
2023-04-04T15:50:07.852Z - debug:  
2023-04-04T15:50:07.852Z - debug:  
2023-04-04T15:50:07.852Z - debug:  
2023-04-04T15:50:08.300Z - debug:  
2023-04-04T15:52:14.892Z - debug:  
2023-04-04T15:52:29.548Z - debug:  
2023-04-04T15:52:29.548Z - debug:  
2023-04-04T15:52:37.843Z - info: Pages built
2023-04-04T15:52:38.973Z - info: Site data built
2023-04-04T15:52:38.973Z - info: Website generation complete! Total build time: 193.875s
2023-04-04T15:52:38.974Z - info: Build success!
2023-04-04T15:58:15.603Z - info: The website has been deployed at: https://nus-cs2103-ay2223s2.github.io/website
