2023-02-11T17:18:58.890Z - info: Website generation started at 1:18:53 am
2023-02-11T17:19:13.625Z - info: Building assets...
2023-02-11T17:19:22.631Z - info: Assets built
2023-02-11T17:19:22.633Z - info: Generating pages...
2023-02-11T17:19:46.535Z - debug:  
2023-02-11T17:19:56.461Z - debug:  
2023-02-11T17:19:56.464Z - debug:  
2023-02-11T17:19:56.465Z - debug:  
2023-02-11T17:19:56.467Z - debug:  
2023-02-11T17:19:56.470Z - debug:  
2023-02-11T17:19:56.471Z - debug:  
2023-02-11T17:19:56.472Z - debug:  
2023-02-11T17:19:56.474Z - debug:  
2023-02-11T17:19:56.475Z - debug:  
2023-02-11T17:19:56.476Z - debug:  
2023-02-11T17:19:56.476Z - debug:  
2023-02-11T17:19:57.082Z - debug:  
2023-02-11T17:27:27.458Z - debug:  
2023-02-11T17:28:13.615Z - debug:  
2023-02-11T17:28:13.615Z - debug:  
2023-02-11T17:28:43.883Z - info: Pages built
2023-02-11T17:28:47.404Z - info: Site data built
2023-02-11T17:28:47.405Z - info: Website generation complete! Total build time: 594.24s
2023-02-11T17:28:47.406Z - info: Build success!
2023-02-11T17:32:28.664Z - info: The website has been deployed at: https://nus-cs2103-ay2223s2.github.io/website
2023-02-12T04:18:57.630Z - info: Website generation (lazy) started at 12:18:49 pm
2023-02-12T04:19:13.996Z - info: Building assets...
2023-02-12T04:19:25.280Z - info: Assets built
2023-02-12T04:19:25.281Z - info: Generating landing page...
2023-02-12T04:19:27.262Z - info: Landing page built, other pages will be built as you navigate to them!
2023-02-12T04:19:28.815Z - info: Site data built
2023-02-12T04:19:28.816Z - info: Website generation (lazy) complete! Total build time: 39.744s
2023-02-12T04:19:30.756Z - info: Serving "C:\repos\nus-cs2103\cs2103-website-base\_site" at http://127.0.0.1:8080
2023-02-12T04:19:30.757Z - info: Press CTRL+C to stop ...
2023-02-12T04:19:48.015Z - info: Building C:\repos\nus-cs2103\cs2103-website-base\schedule\week5\index as some of its dependencies were changed since the last visit
2023-02-12T04:20:07.923Z - info: Site data built
2023-02-12T04:20:07.924Z - info: Lazy website regeneration complete! Total build time: 19.91s
2023-02-12T04:20:32.575Z - info: Building C:\repos\nus-cs2103\cs2103-website-base\schedule\week4\project as some of its dependencies were changed since the last visit
2023-02-12T04:20:37.218Z - info: Site data built
2023-02-12T04:20:37.218Z - info: Lazy website regeneration complete! Total build time: 4.645s
2023-02-12T04:22:10.784Z - info: Building C:\repos\nus-cs2103\cs2103-website-base\schedule\week3\project as some of its dependencies were changed since the last visit
2023-02-12T04:22:13.559Z - info: Site data built
2023-02-12T04:22:13.560Z - info: Lazy website regeneration complete! Total build time: 2.776s
2023-02-12T04:22:25.191Z - info: [12:22:25 pm] Reload for file change: C:\repos\nus-cs2103\cs2103-website-base\_module-CS2103\weeklyIpTasks-fragment.md
2023-02-12T04:22:25.192Z - info: Synchronizing opened pages list before reload
2023-02-12T04:22:25.193Z - info: Current opened pages, from most-to-least recent:
2023-02-12T04:22:25.194Z - info: 1. schedule/week3/project
2023-02-12T04:22:26.212Z - info: Rebuilding 1 pages
2023-02-12T04:22:27.807Z - info: Site data built
2023-02-12T04:22:27.808Z - info: Pages rebuilt
2023-02-12T04:22:27.808Z - info: Website regeneration complete! Total build time: 1.598s
2023-02-12T04:30:26.947Z - info: [12:30:26 pm] Reload for file change: C:\repos\nus-cs2103\cs2103-website-base\admin\ip-tasks-fragment.md
2023-02-12T04:30:26.948Z - info: Synchronizing opened pages list before reload
2023-02-12T04:30:26.949Z - info: Current opened pages, from most-to-least recent:
2023-02-12T04:30:26.949Z - info: 1. schedule/week3/project
2023-02-12T04:30:27.959Z - info: Rebuilding 1 pages
2023-02-12T04:30:29.950Z - info: Site data built
2023-02-12T04:30:29.951Z - info: Pages rebuilt
2023-02-12T04:30:29.951Z - info: Website regeneration complete! Total build time: 1.994s
2023-02-12T04:32:15.623Z - info: [12:32:15 pm] Reload for file change: C:\repos\nus-cs2103\cs2103-website-base\admin\ip-tasks-fragment.md
2023-02-12T04:32:15.624Z - info: Synchronizing opened pages list before reload
2023-02-12T04:32:15.624Z - info: Current opened pages, from most-to-least recent:
2023-02-12T04:32:15.624Z - info: 1. schedule/week3/project
2023-02-12T04:32:16.634Z - info: Rebuilding 1 pages
2023-02-12T04:32:18.439Z - info: Site data built
2023-02-12T04:32:18.440Z - info: Pages rebuilt
2023-02-12T04:32:18.440Z - info: Website regeneration complete! Total build time: 1.807s
2023-02-12T04:34:19.427Z - info: [12:34:19 pm] Reload for file change: C:\repos\nus-cs2103\cs2103-website-base\admin\ip-tasks-fragment.md
2023-02-12T04:34:19.429Z - info: Synchronizing opened pages list before reload
2023-02-12T04:34:19.430Z - info: Current opened pages, from most-to-least recent:
2023-02-12T04:34:19.430Z - info: 1. schedule/week3/project
2023-02-12T04:34:20.444Z - info: Rebuilding 1 pages
2023-02-12T04:34:22.652Z - info: Site data built
2023-02-12T04:34:22.653Z - info: Pages rebuilt
2023-02-12T04:34:22.654Z - info: Website regeneration complete! Total build time: 2.211s
2023-02-12T04:34:57.059Z - info: [12:34:57 pm] Reload for file change: C:\repos\nus-cs2103\cs2103-website-base\admin\ip-tasks-fragment.md
2023-02-12T04:34:57.061Z - info: Synchronizing opened pages list before reload
2023-02-12T04:34:57.062Z - info: Current opened pages, from most-to-least recent:
2023-02-12T04:34:57.063Z - info: 1. schedule/week3/project
2023-02-12T04:34:58.082Z - info: Rebuilding 1 pages
2023-02-12T04:35:00.036Z - info: Site data built
2023-02-12T04:35:00.036Z - info: Pages rebuilt
2023-02-12T04:35:00.037Z - info: Website regeneration complete! Total build time: 1.955s
2023-02-12T04:35:56.717Z - info: [12:35:56 pm] Reload for file change: C:\repos\nus-cs2103\cs2103-website-base\admin\ip-tasks-fragment.md
2023-02-12T04:35:56.718Z - info: Synchronizing opened pages list before reload
2023-02-12T04:35:56.719Z - info: Current opened pages, from most-to-least recent:
2023-02-12T04:35:56.719Z - info: 1. schedule/week3/project
2023-02-12T04:35:57.736Z - info: Rebuilding 1 pages
2023-02-12T04:35:59.522Z - info: Site data built
2023-02-12T04:35:59.522Z - info: Pages rebuilt
2023-02-12T04:35:59.522Z - info: Website regeneration complete! Total build time: 1.787s
2023-02-12T04:36:51.175Z - info: [12:36:51 pm] Reload for file change: C:\repos\nus-cs2103\cs2103-website-base\admin\ip-tasks-fragment.md
2023-02-12T04:36:51.175Z - info: Synchronizing opened pages list before reload
2023-02-12T04:36:51.176Z - info: Current opened pages, from most-to-least recent:
2023-02-12T04:36:51.176Z - info: 1. schedule/week3/project
2023-02-12T04:36:52.200Z - info: Rebuilding 1 pages
2023-02-12T04:36:54.205Z - info: Site data built
2023-02-12T04:36:54.205Z - info: Pages rebuilt
2023-02-12T04:36:54.206Z - info: Website regeneration complete! Total build time: 2.007s
2023-02-12T04:41:22.715Z - info: [12:41:22 pm] Reload for file change: C:\repos\nus-cs2103\cs2103-website-base\admin\ip-tasks-fragment.md
2023-02-12T04:41:22.716Z - info: Synchronizing opened pages list before reload
2023-02-12T04:41:22.716Z - info: Current opened pages, from most-to-least recent:
2023-02-12T04:41:22.717Z - info: 1. schedule/week3/project
2023-02-12T04:41:23.731Z - info: Rebuilding 1 pages
2023-02-12T04:41:26.041Z - info: Site data built
2023-02-12T04:41:26.042Z - info: Pages rebuilt
2023-02-12T04:41:26.042Z - info: Website regeneration complete! Total build time: 2.312s
2023-02-12T04:42:18.238Z - info: [12:42:18 pm] Reload for file change: C:\repos\nus-cs2103\cs2103-website-base\admin\ip-tasks-fragment.md
2023-02-12T04:42:18.239Z - info: Synchronizing opened pages list before reload
2023-02-12T04:42:18.240Z - info: Current opened pages, from most-to-least recent:
2023-02-12T04:42:18.240Z - info: 1. schedule/week3/project
2023-02-12T04:42:19.253Z - info: Rebuilding 1 pages
2023-02-12T04:42:21.642Z - info: Site data built
2023-02-12T04:42:21.642Z - info: Pages rebuilt
2023-02-12T04:42:21.643Z - info: Website regeneration complete! Total build time: 2.391s
2023-02-12T04:44:05.973Z - info: [12:44:05 pm] Reload for file change: C:\repos\nus-cs2103\cs2103-website-base\admin\ip-tasks-fragment.md
2023-02-12T04:44:05.974Z - info: Synchronizing opened pages list before reload
2023-02-12T04:44:05.975Z - info: Current opened pages, from most-to-least recent:
2023-02-12T04:44:05.975Z - info: 1. schedule/week3/project
2023-02-12T04:44:06.997Z - info: Rebuilding 1 pages
2023-02-12T04:44:08.585Z - info: Site data built
2023-02-12T04:44:08.585Z - info: Pages rebuilt
2023-02-12T04:44:08.585Z - info: Website regeneration complete! Total build time: 1.59s
2023-02-12T04:46:35.313Z - info: [12:46:35 pm] Reload for file change: C:\repos\nus-cs2103\cs2103-website-base\admin\ip-tasks-fragment.md
2023-02-12T04:46:35.315Z - info: Synchronizing opened pages list before reload
2023-02-12T04:46:35.316Z - info: Current opened pages, from most-to-least recent:
2023-02-12T04:46:35.317Z - info: 1. schedule/week3/project
2023-02-12T04:46:36.339Z - info: Rebuilding 1 pages
2023-02-12T04:46:37.935Z - info: Site data built
2023-02-12T04:46:37.935Z - info: Pages rebuilt
2023-02-12T04:46:37.936Z - info: Website regeneration complete! Total build time: 1.597s
2023-02-12T04:47:24.368Z - info: [12:47:24 pm] Reload for file change: C:\repos\nus-cs2103\cs2103-website-base\admin\ip-tasks-fragment.md
2023-02-12T04:47:24.368Z - info: Synchronizing opened pages list before reload
2023-02-12T04:47:24.369Z - info: Current opened pages, from most-to-least recent:
2023-02-12T04:47:24.369Z - info: 1. schedule/week3/project
2023-02-12T04:47:25.380Z - info: Rebuilding 1 pages
2023-02-12T04:47:27.006Z - info: Site data built
2023-02-12T04:47:27.006Z - info: Pages rebuilt
2023-02-12T04:47:27.006Z - info: Website regeneration complete! Total build time: 1.627s
2023-02-12T04:48:37.681Z - info: [12:48:37 pm] Reload for file change: C:\repos\nus-cs2103\cs2103-website-base\admin\ip-tasks-fragment.md
2023-02-12T04:48:37.681Z - info: Synchronizing opened pages list before reload
2023-02-12T04:48:37.682Z - info: Current opened pages, from most-to-least recent:
2023-02-12T04:48:37.682Z - info: 1. schedule/week3/project
2023-02-12T04:48:38.691Z - info: Rebuilding 1 pages
2023-02-12T04:48:40.278Z - info: Site data built
2023-02-12T04:48:40.279Z - info: Pages rebuilt
2023-02-12T04:48:40.279Z - info: Website regeneration complete! Total build time: 1.589s
2023-02-12T04:49:48.232Z - info: [12:49:48 pm] Reload for file change: C:\repos\nus-cs2103\cs2103-website-base\admin\ip-tasks-fragment.md
2023-02-12T04:49:48.233Z - info: Synchronizing opened pages list before reload
2023-02-12T04:49:48.234Z - info: Current opened pages, from most-to-least recent:
2023-02-12T04:49:48.234Z - info: 1. schedule/week3/project
2023-02-12T04:49:49.240Z - info: Rebuilding 1 pages
2023-02-12T04:49:50.736Z - info: Site data built
2023-02-12T04:49:50.736Z - info: Pages rebuilt
2023-02-12T04:49:50.737Z - info: Website regeneration complete! Total build time: 1.498s
2023-02-12T04:50:39.520Z - info: Building C:\repos\nus-cs2103\cs2103-website-base\schedule\week4\project as some of its dependencies were changed since the last visit
2023-02-12T04:50:41.896Z - info: Site data built
2023-02-12T04:50:41.896Z - info: Lazy website regeneration complete! Total build time: 2.377s
2023-02-12T04:52:13.024Z - info: Building C:\repos\nus-cs2103\cs2103-website-base\schedule\week5\project as some of its dependencies were changed since the last visit
2023-02-12T04:52:15.002Z - info: Site data built
2023-02-12T04:52:15.003Z - info: Lazy website regeneration complete! Total build time: 1.98s
2023-02-12T04:53:27.553Z - info: [12:53:27 pm] Reload for file change: C:\repos\nus-cs2103\cs2103-website-base\admin\ip-tasks-fragment.md
2023-02-12T04:53:27.556Z - info: Synchronizing opened pages list before reload
2023-02-12T04:53:27.556Z - info: Current opened pages, from most-to-least recent:
2023-02-12T04:53:27.557Z - info: 1. schedule/week3/project
2023-02-12T04:53:28.574Z - info: Rebuilding 1 pages
2023-02-12T04:53:30.045Z - info: Site data built
2023-02-12T04:53:30.046Z - info: Pages rebuilt
2023-02-12T04:53:30.046Z - info: Website regeneration complete! Total build time: 1.474s
2023-02-12T04:53:32.404Z - info: Building C:\repos\nus-cs2103\cs2103-website-base\schedule\week4\project as some of its dependencies were changed since the last visit
2023-02-12T04:53:34.341Z - info: Site data built
2023-02-12T04:53:34.341Z - info: Lazy website regeneration complete! Total build time: 1.938s
2023-02-12T04:55:47.995Z - info: [12:55:47 pm] Reload for file change: C:\repos\nus-cs2103\cs2103-website-base\admin\ip-tasks-fragment.md
2023-02-12T04:55:47.996Z - info: Synchronizing opened pages list before reload
2023-02-12T04:55:47.996Z - info: Current opened pages, from most-to-least recent:
2023-02-12T04:55:47.997Z - info: 1. schedule/week3/project
2023-02-12T04:55:49.017Z - info: Rebuilding 1 pages
2023-02-12T04:55:50.773Z - info: Site data built
2023-02-12T04:55:50.774Z - info: Pages rebuilt
2023-02-12T04:55:50.774Z - info: Website regeneration complete! Total build time: 1.757s
2023-02-12T04:56:25.815Z - info: Building C:\repos\nus-cs2103\cs2103-website-base\schedule\week4\project as some of its dependencies were changed since the last visit
2023-02-12T04:56:27.970Z - info: Site data built
2023-02-12T04:56:27.970Z - info: Lazy website regeneration complete! Total build time: 2.156s
2023-02-12T04:56:48.617Z - info: Website generation (lazy) started at 12:56:46 pm
2023-02-12T04:57:00.004Z - info: Building assets...
2023-02-12T04:57:07.533Z - info: Assets built
2023-02-12T04:57:07.533Z - info: Generating landing page...
2023-02-12T04:57:08.618Z - info: Landing page built, other pages will be built as you navigate to them!
2023-02-12T04:57:09.616Z - info: Site data built
2023-02-12T04:57:09.616Z - info: Website generation (lazy) complete! Total build time: 22.745s
2023-02-12T04:57:10.340Z - info: Serving "C:\repos\nus-cs2103\cs2103-website-base\_site" at http://127.0.0.1:8080
2023-02-12T04:57:10.341Z - info: Press CTRL+C to stop ...
2023-02-12T04:57:29.083Z - info: Building C:\repos\nus-cs2103\cs2103-website-base\schedule\week4\project as some of its dependencies were changed since the last visit
2023-02-12T04:57:31.654Z - info: Site data built
2023-02-12T04:57:31.654Z - info: Lazy website regeneration complete! Total build time: 2.572s
2023-02-12T04:58:35.890Z - info: [12:58:35 pm] Reload for file change: C:\repos\nus-cs2103\cs2103-website-base\admin\ip-tasks-fragment.md
2023-02-12T04:58:35.891Z - info: Synchronizing opened pages list before reload
2023-02-12T04:58:35.891Z - info: Current opened pages, from most-to-least recent:
2023-02-12T04:58:35.892Z - info: 1. schedule/week4/project
2023-02-12T04:58:36.899Z - info: Rebuilding 1 pages
2023-02-12T04:58:39.024Z - info: Site data built
2023-02-12T04:58:39.024Z - info: Pages rebuilt
2023-02-12T04:58:39.024Z - info: Website regeneration complete! Total build time: 2.127s
2023-02-12T04:59:56.201Z - info: [12:59:56 pm] Reload for file change: C:\repos\nus-cs2103\cs2103-website-base\admin\ip-tasks-fragment.md
2023-02-12T04:59:56.202Z - info: Synchronizing opened pages list before reload
2023-02-12T04:59:56.203Z - info: Current opened pages, from most-to-least recent:
2023-02-12T04:59:56.204Z - info: 1. schedule/week4/project
2023-02-12T04:59:57.223Z - info: Rebuilding 1 pages
2023-02-12T04:59:59.487Z - info: Site data built
2023-02-12T04:59:59.487Z - info: Pages rebuilt
2023-02-12T04:59:59.488Z - info: Website regeneration complete! Total build time: 2.266s
2023-02-12T05:01:33.702Z - info: [1:01:33 pm] Reload for file change: C:\repos\nus-cs2103\cs2103-website-base\admin\ip-tasks-fragment.md
2023-02-12T05:01:33.703Z - info: Synchronizing opened pages list before reload
2023-02-12T05:01:33.704Z - info: Current opened pages, from most-to-least recent:
2023-02-12T05:01:33.704Z - info: 1. schedule/week4/project
2023-02-12T05:01:34.716Z - info: Rebuilding 1 pages
2023-02-12T05:01:37.276Z - info: Site data built
2023-02-12T05:01:37.277Z - info: Pages rebuilt
2023-02-12T05:01:37.277Z - info: Website regeneration complete! Total build time: 2.562s
2023-02-12T05:01:43.318Z - info: Building C:\repos\nus-cs2103\cs2103-website-base\schedule\week3\project as some of its dependencies were changed since the last visit
2023-02-12T05:01:44.690Z - info: Site data built
2023-02-12T05:01:44.691Z - info: Lazy website regeneration complete! Total build time: 1.374s
2023-02-12T05:04:25.324Z - info: [1:04:25 pm] Reload for file change: C:\repos\nus-cs2103\cs2103-website-base\admin\ip-tasks-fragment.md
2023-02-12T05:04:25.326Z - info: Synchronizing opened pages list before reload
2023-02-12T05:04:25.326Z - info: Current opened pages, from most-to-least recent:
2023-02-12T05:04:25.327Z - info: 1. schedule/week3/project
2023-02-12T05:04:26.352Z - info: Rebuilding 1 pages
2023-02-12T05:04:27.710Z - info: Site data built
2023-02-12T05:04:27.711Z - info: Pages rebuilt
2023-02-12T05:04:27.711Z - info: Website regeneration complete! Total build time: 1.361s
2023-02-12T05:05:07.606Z - info: [1:05:07 pm] Reload for file change: C:\repos\nus-cs2103\cs2103-website-base\admin\ip-tasks-fragment.md
2023-02-12T05:05:07.606Z - info: Synchronizing opened pages list before reload
2023-02-12T05:05:07.607Z - info: Current opened pages, from most-to-least recent:
2023-02-12T05:05:07.607Z - info: 1. schedule/week3/project
2023-02-12T05:05:08.622Z - info: Rebuilding 1 pages
2023-02-12T05:05:10.419Z - info: Site data built
2023-02-12T05:05:10.420Z - info: Pages rebuilt
2023-02-12T05:05:10.420Z - info: Website regeneration complete! Total build time: 1.799s
2023-02-12T05:07:57.547Z - info: [1:07:57 pm] Reload for file change: C:\repos\nus-cs2103\cs2103-website-base\admin\ip-tasks-fragment.md
2023-02-12T05:07:57.547Z - info: Synchronizing opened pages list before reload
2023-02-12T05:07:57.548Z - info: Current opened pages, from most-to-least recent:
2023-02-12T05:07:57.548Z - info: 1. schedule/week3/project
2023-02-12T05:07:58.557Z - info: Rebuilding 1 pages
2023-02-12T05:08:00.304Z - info: Site data built
2023-02-12T05:08:00.305Z - info: Pages rebuilt
2023-02-12T05:08:00.305Z - info: Website regeneration complete! Total build time: 1.751s
2023-02-12T05:09:00.217Z - info: [1:09:00 pm] Reload for file change: C:\repos\nus-cs2103\cs2103-website-base\admin\ip-tasks-fragment.md
2023-02-12T05:09:00.218Z - info: Synchronizing opened pages list before reload
2023-02-12T05:09:00.219Z - info: Current opened pages, from most-to-least recent:
2023-02-12T05:09:00.219Z - info: 1. schedule/week3/project
2023-02-12T05:09:01.234Z - info: Rebuilding 1 pages
2023-02-12T05:09:03.013Z - info: Site data built
2023-02-12T05:09:03.014Z - info: Pages rebuilt
2023-02-12T05:09:03.014Z - info: Website regeneration complete! Total build time: 1.781s
2023-02-12T05:13:17.684Z - info: [1:13:17 pm] Reload for file change: C:\repos\nus-cs2103\cs2103-website-base\admin\ip-tasks-fragment.md
2023-02-12T05:13:17.685Z - info: Synchronizing opened pages list before reload
2023-02-12T05:13:17.685Z - info: Current opened pages, from most-to-least recent:
2023-02-12T05:13:17.685Z - info: 1. schedule/week3/project
2023-02-12T05:13:18.694Z - info: Rebuilding 1 pages
2023-02-12T05:13:19.999Z - info: Site data built
2023-02-12T05:13:19.999Z - info: Pages rebuilt
2023-02-12T05:13:19.999Z - info: Website regeneration complete! Total build time: 1.306s
2023-02-12T05:14:34.079Z - info: [1:14:34 pm] Reload for file change: C:\repos\nus-cs2103\cs2103-website-base\admin\ip-tasks-fragment.md
2023-02-12T05:14:34.079Z - info: Synchronizing opened pages list before reload
2023-02-12T05:14:34.080Z - info: Current opened pages, from most-to-least recent:
2023-02-12T05:14:34.080Z - info: 1. schedule/week3/project
2023-02-12T05:14:35.097Z - info: Rebuilding 1 pages
2023-02-12T05:14:36.578Z - info: Site data built
2023-02-12T05:14:36.579Z - info: Pages rebuilt
2023-02-12T05:14:36.579Z - info: Website regeneration complete! Total build time: 1.483s
2023-02-12T05:15:19.475Z - info: [1:15:19 pm] Reload for file change: C:\repos\nus-cs2103\cs2103-website-base\admin\ip-tasks-fragment.md
2023-02-12T05:15:19.475Z - info: Synchronizing opened pages list before reload
2023-02-12T05:15:19.476Z - info: Current opened pages, from most-to-least recent:
2023-02-12T05:15:19.476Z - info: 1. schedule/week3/project
2023-02-12T05:15:20.490Z - info: Rebuilding 1 pages
2023-02-12T05:15:21.748Z - info: Site data built
2023-02-12T05:15:21.749Z - info: Pages rebuilt
2023-02-12T05:15:21.749Z - info: Website regeneration complete! Total build time: 1.26s
2023-02-12T05:16:35.333Z - info: [1:16:35 pm] Reload for file change: C:\repos\nus-cs2103\cs2103-website-base\admin\ip-tasks-fragment.md
2023-02-12T05:16:35.334Z - info: Synchronizing opened pages list before reload
2023-02-12T05:16:35.334Z - info: Current opened pages, from most-to-least recent:
2023-02-12T05:16:35.334Z - info: 1. schedule/week3/project
2023-02-12T05:16:36.342Z - info: Rebuilding 1 pages
2023-02-12T05:16:37.825Z - info: Site data built
2023-02-12T05:16:37.826Z - info: Pages rebuilt
2023-02-12T05:16:37.826Z - info: Website regeneration complete! Total build time: 1.486s
2023-02-12T05:17:36.670Z - info: [1:17:36 pm] Reload for file change: C:\repos\nus-cs2103\cs2103-website-base\admin\ip-tasks-fragment.md
2023-02-12T05:17:36.671Z - info: Synchronizing opened pages list before reload
2023-02-12T05:17:36.672Z - info: Current opened pages, from most-to-least recent:
2023-02-12T05:17:36.673Z - info: 1. schedule/week3/project
2023-02-12T05:17:37.687Z - info: Rebuilding 1 pages
2023-02-12T05:17:39.171Z - info: Site data built
2023-02-12T05:17:39.171Z - info: Pages rebuilt
2023-02-12T05:17:39.172Z - info: Website regeneration complete! Total build time: 1.486s
2023-02-12T05:19:19.107Z - info: [1:19:19 pm] Reload for file change: C:\repos\nus-cs2103\cs2103-website-base\admin\ip-tasks-fragment.md
2023-02-12T05:19:19.108Z - info: Synchronizing opened pages list before reload
2023-02-12T05:19:19.109Z - info: Current opened pages, from most-to-least recent:
2023-02-12T05:19:19.109Z - info: 1. schedule/week3/project
2023-02-12T05:19:20.130Z - info: Rebuilding 1 pages
2023-02-12T05:19:22.204Z - info: Site data built
2023-02-12T05:19:22.205Z - info: Pages rebuilt
2023-02-12T05:19:22.205Z - info: Website regeneration complete! Total build time: 2.077s
2023-02-12T05:19:38.120Z - info: [1:19:38 pm] Reload for file change: C:\repos\nus-cs2103\cs2103-website-base\admin\ip-tasks-fragment.md
2023-02-12T05:19:38.121Z - info: Synchronizing opened pages list before reload
2023-02-12T05:19:38.122Z - info: Current opened pages, from most-to-least recent:
2023-02-12T05:19:38.123Z - info: 1. schedule/week3/project
2023-02-12T05:19:39.144Z - info: Rebuilding 1 pages
2023-02-12T05:19:41.407Z - info: Site data built
2023-02-12T05:19:41.408Z - info: Pages rebuilt
2023-02-12T05:19:41.408Z - info: Website regeneration complete! Total build time: 2.266s
2023-02-12T05:20:07.679Z - info: [1:20:07 pm] Reload for file change: C:\repos\nus-cs2103\cs2103-website-base\admin\ip-tasks-fragment.md
2023-02-12T05:20:07.680Z - info: Synchronizing opened pages list before reload
2023-02-12T05:20:07.681Z - info: Current opened pages, from most-to-least recent:
2023-02-12T05:20:07.681Z - info: 1. schedule/week3/project
2023-02-12T05:20:08.686Z - info: Rebuilding 1 pages
2023-02-12T05:20:10.669Z - info: Site data built
2023-02-12T05:20:10.670Z - info: Pages rebuilt
2023-02-12T05:20:10.670Z - info: Website regeneration complete! Total build time: 1.985s
2023-02-12T05:21:18.305Z - info: [1:21:18 pm] Reload for file change: C:\repos\nus-cs2103\cs2103-website-base\admin\ip-tasks-fragment.md
2023-02-12T05:21:18.306Z - info: Synchronizing opened pages list before reload
2023-02-12T05:21:18.306Z - info: Current opened pages, from most-to-least recent:
2023-02-12T05:21:18.307Z - info: 1. schedule/week3/project
2023-02-12T05:21:19.320Z - info: Rebuilding 1 pages
2023-02-12T05:21:20.825Z - info: Site data built
2023-02-12T05:21:20.825Z - info: Pages rebuilt
2023-02-12T05:21:20.826Z - info: Website regeneration complete! Total build time: 1.506s
2023-02-12T05:21:26.104Z - info: [1:21:26 pm] Reload for file change: C:\repos\nus-cs2103\cs2103-website-base\admin\ip-tasks-fragment.md
2023-02-12T05:21:26.105Z - info: Synchronizing opened pages list before reload
2023-02-12T05:21:26.106Z - info: Current opened pages, from most-to-least recent:
2023-02-12T05:21:26.106Z - info: 1. schedule/week3/project
2023-02-12T05:21:27.110Z - info: Rebuilding 1 pages
2023-02-12T05:21:28.461Z - info: Site data built
2023-02-12T05:21:28.461Z - info: Pages rebuilt
2023-02-12T05:21:28.462Z - info: Website regeneration complete! Total build time: 1.353s
2023-02-12T05:21:42.193Z - info: [1:21:42 pm] Reload for file change: C:\repos\nus-cs2103\cs2103-website-base\admin\ip-tasks-fragment.md
2023-02-12T05:21:42.194Z - info: Synchronizing opened pages list before reload
2023-02-12T05:21:42.195Z - info: Current opened pages, from most-to-least recent:
2023-02-12T05:21:42.195Z - info: 1. schedule/week3/project
2023-02-12T05:21:43.209Z - info: Rebuilding 1 pages
2023-02-12T05:21:44.479Z - info: Site data built
2023-02-12T05:21:44.480Z - info: Pages rebuilt
2023-02-12T05:21:44.480Z - info: Website regeneration complete! Total build time: 1.272s
2023-02-12T05:22:05.178Z - info: [1:22:05 pm] Reload for file change: C:\repos\nus-cs2103\cs2103-website-base\admin\ip-tasks-fragment.md
2023-02-12T05:22:05.179Z - info: Synchronizing opened pages list before reload
2023-02-12T05:22:05.182Z - info: Current opened pages, from most-to-least recent:
2023-02-12T05:22:05.183Z - info: 1. schedule/week3/project
2023-02-12T05:22:06.185Z - info: Rebuilding 1 pages
2023-02-12T05:22:07.653Z - info: Site data built
2023-02-12T05:22:07.653Z - info: Pages rebuilt
2023-02-12T05:22:07.654Z - info: Website regeneration complete! Total build time: 1.469s
2023-02-12T05:22:16.170Z - info: [1:22:16 pm] Reload for file change: C:\repos\nus-cs2103\cs2103-website-base\admin\ip-tasks-fragment.md
2023-02-12T05:22:16.171Z - info: Synchronizing opened pages list before reload
2023-02-12T05:22:16.172Z - info: Current opened pages, from most-to-least recent:
2023-02-12T05:22:16.174Z - info: 1. schedule/week3/project
2023-02-12T05:22:17.196Z - info: Rebuilding 1 pages
2023-02-12T05:22:18.505Z - info: Site data built
2023-02-12T05:22:18.505Z - info: Pages rebuilt
2023-02-12T05:22:18.506Z - info: Website regeneration complete! Total build time: 1.31s
2023-02-12T05:26:41.999Z - info: [1:26:41 pm] Reload for file change: C:\repos\nus-cs2103\cs2103-website-base\admin\ip-tasks-fragment.md
2023-02-12T05:26:42.000Z - info: Synchronizing opened pages list before reload
2023-02-12T05:26:42.001Z - info: Current opened pages, from most-to-least recent:
2023-02-12T05:26:42.001Z - info: 1. schedule/week3/project
2023-02-12T05:26:43.009Z - info: Rebuilding 1 pages
2023-02-12T05:26:45.107Z - info: Site data built
2023-02-12T05:26:45.108Z - info: Pages rebuilt
2023-02-12T05:26:45.108Z - info: Website regeneration complete! Total build time: 2.1s
2023-02-12T05:28:35.852Z - info: [1:28:35 pm] Reload for file change: C:\repos\nus-cs2103\cs2103-website-base\admin\ip-tasks-fragment.md
2023-02-12T05:28:35.854Z - info: Synchronizing opened pages list before reload
2023-02-12T05:28:35.854Z - info: Current opened pages, from most-to-least recent:
2023-02-12T05:28:35.854Z - info: 1. schedule/week3/project
2023-02-12T05:28:36.866Z - info: Rebuilding 1 pages
2023-02-12T05:28:38.539Z - info: Site data built
2023-02-12T05:28:38.540Z - info: Pages rebuilt
2023-02-12T05:28:38.540Z - info: Website regeneration complete! Total build time: 1.675s
2023-02-12T05:29:00.169Z - info: [1:29:00 pm] Reload for file change: C:\repos\nus-cs2103\cs2103-website-base\admin\ip-tasks-fragment.md
2023-02-12T05:29:00.170Z - info: Synchronizing opened pages list before reload
2023-02-12T05:29:00.171Z - info: Current opened pages, from most-to-least recent:
2023-02-12T05:29:00.171Z - info: 1. schedule/week3/project
2023-02-12T05:29:01.190Z - info: Rebuilding 1 pages
2023-02-12T05:29:02.897Z - info: Site data built
2023-02-12T05:29:02.897Z - info: Pages rebuilt
2023-02-12T05:29:02.898Z - info: Website regeneration complete! Total build time: 1.709s
2023-02-12T05:29:46.419Z - info: [1:29:46 pm] Reload for file change: C:\repos\nus-cs2103\cs2103-website-base\admin\ip-tasks-fragment.md
2023-02-12T05:29:46.420Z - info: Synchronizing opened pages list before reload
2023-02-12T05:29:46.421Z - info: Current opened pages, from most-to-least recent:
2023-02-12T05:29:46.421Z - info: 1. schedule/week3/project
2023-02-12T05:29:47.428Z - info: Rebuilding 1 pages
2023-02-12T05:29:49.174Z - info: Site data built
2023-02-12T05:29:49.175Z - info: Pages rebuilt
2023-02-12T05:29:49.175Z - info: Website regeneration complete! Total build time: 1.749s
2023-02-12T05:29:57.607Z - info: [1:29:57 pm] Reload for file change: C:\repos\nus-cs2103\cs2103-website-base\admin\ip-tasks-fragment.md
2023-02-12T05:29:57.607Z - info: Synchronizing opened pages list before reload
2023-02-12T05:29:57.607Z - info: Current opened pages, from most-to-least recent:
2023-02-12T05:29:57.607Z - info: 1. schedule/week3/project
2023-02-12T05:29:58.616Z - info: Rebuilding 1 pages
2023-02-12T05:30:00.066Z - info: Site data built
2023-02-12T05:30:00.067Z - info: Pages rebuilt
2023-02-12T05:30:00.067Z - info: Website regeneration complete! Total build time: 1.452s
2023-02-12T05:36:40.830Z - info: [1:36:40 pm] Reload for file change: C:\repos\nus-cs2103\cs2103-website-base\admin\ip-tasks-fragment.md
2023-02-12T05:36:40.830Z - info: Synchronizing opened pages list before reload
2023-02-12T05:36:40.831Z - info: Current opened pages, from most-to-least recent:
2023-02-12T05:36:40.831Z - info: 1. schedule/week3/project
2023-02-12T05:36:41.851Z - info: Rebuilding 1 pages
2023-02-12T05:36:45.230Z - info: Site data built
2023-02-12T05:36:45.231Z - info: Pages rebuilt
2023-02-12T05:36:45.231Z - info: Website regeneration complete! Total build time: 3.382s
2023-02-12T05:40:45.089Z - info: [1:40:45 pm] Reload for file change: C:\repos\nus-cs2103\cs2103-website-base\admin\ip-tasks-fragment.md
2023-02-12T05:40:45.090Z - info: Synchronizing opened pages list before reload
2023-02-12T05:40:45.090Z - info: Current opened pages, from most-to-least recent:
2023-02-12T05:40:45.090Z - info: 1. schedule/week3/project
2023-02-12T05:40:46.097Z - info: Rebuilding 1 pages
2023-02-12T05:40:47.537Z - info: Site data built
2023-02-12T05:40:47.537Z - info: Pages rebuilt
2023-02-12T05:40:47.538Z - info: Website regeneration complete! Total build time: 1.441s
2023-02-12T05:42:42.533Z - info: [1:42:42 pm] Reload for file change: C:\repos\nus-cs2103\cs2103-website-base\admin\ip-tasks-fragment.md
2023-02-12T05:42:42.535Z - info: Synchronizing opened pages list before reload
2023-02-12T05:42:42.535Z - info: Current opened pages, from most-to-least recent:
2023-02-12T05:42:42.535Z - info: 1. schedule/week3/project
2023-02-12T05:42:43.546Z - info: Rebuilding 1 pages
2023-02-12T05:42:44.989Z - info: Site data built
2023-02-12T05:42:44.990Z - info: Pages rebuilt
2023-02-12T05:42:44.990Z - info: Website regeneration complete! Total build time: 1.445s
2023-02-12T05:43:39.913Z - info: [1:43:39 pm] Reload for file change: C:\repos\nus-cs2103\cs2103-website-base\admin\ip-tasks-fragment.md
2023-02-12T05:43:39.913Z - info: Synchronizing opened pages list before reload
2023-02-12T05:43:39.913Z - info: Current opened pages, from most-to-least recent:
2023-02-12T05:43:39.913Z - info: 1. schedule/week3/project
2023-02-12T05:43:40.923Z - info: Rebuilding 1 pages
2023-02-12T05:43:42.342Z - info: Site data built
2023-02-12T05:43:42.343Z - info: Pages rebuilt
2023-02-12T05:43:42.343Z - info: Website regeneration complete! Total build time: 1.421s
2023-02-12T05:46:03.508Z - info: [1:46:03 pm] Reload for file change: C:\repos\nus-cs2103\cs2103-website-base\admin\ip-tasks-fragment.md
2023-02-12T05:46:03.508Z - info: Synchronizing opened pages list before reload
2023-02-12T05:46:03.508Z - info: Current opened pages, from most-to-least recent:
2023-02-12T05:46:03.508Z - info: 1. schedule/week3/project
2023-02-12T05:46:04.529Z - info: Rebuilding 1 pages
2023-02-12T05:46:05.888Z - info: Site data built
2023-02-12T05:46:05.889Z - info: Pages rebuilt
2023-02-12T05:46:05.889Z - info: Website regeneration complete! Total build time: 1.361s
2023-02-12T05:47:03.200Z - info: [1:47:03 pm] Reload for file change: C:\repos\nus-cs2103\cs2103-website-base\admin\tp-tasks-fragment.md
2023-02-12T05:47:03.201Z - info: Synchronizing opened pages list before reload
2023-02-12T05:47:03.202Z - info: Current opened pages, from most-to-least recent:
2023-02-12T05:47:03.202Z - info: 1. schedule/week3/project
2023-02-12T05:47:04.213Z - info: Rebuilding 1 pages
2023-02-12T05:47:05.809Z - info: Site data built
2023-02-12T05:47:05.809Z - info: Pages rebuilt
2023-02-12T05:47:05.809Z - info: Website regeneration complete! Total build time: 1.598s
2023-02-12T05:48:06.410Z - info: Building C:\repos\nus-cs2103\cs2103-website-base\schedule\week4\project as some of its dependencies were changed since the last visit
2023-02-12T05:48:08.715Z - info: Site data built
2023-02-12T05:48:08.716Z - info: Lazy website regeneration complete! Total build time: 2.307s
2023-02-12T05:48:50.498Z - info: Building C:\repos\nus-cs2103\cs2103-website-base\schedule\week5\project as some of its dependencies were changed since the last visit
2023-02-12T05:48:52.326Z - info: Site data built
2023-02-12T05:48:52.326Z - info: Lazy website regeneration complete! Total build time: 1.829s
2023-02-12T05:49:48.186Z - info: [1:49:48 pm] Reload for file change: C:\repos\nus-cs2103\cs2103-website-base\admin\ip-tasks-fragment.md
2023-02-12T05:49:48.187Z - info: Synchronizing opened pages list before reload
2023-02-12T05:49:48.187Z - info: Current opened pages, from most-to-least recent:
2023-02-12T05:49:48.188Z - info: 1. schedule/week5/project
2023-02-12T05:49:49.205Z - info: Rebuilding 1 pages
2023-02-12T05:49:50.865Z - info: Site data built
2023-02-12T05:49:50.867Z - info: Pages rebuilt
2023-02-12T05:49:50.867Z - info: Website regeneration complete! Total build time: 1.663s
2023-02-12T05:51:54.020Z - info: [1:51:54 pm] Reload for file change: C:\repos\nus-cs2103\cs2103-website-base\admin\ip-tasks-fragment.md
2023-02-12T05:51:54.022Z - info: Synchronizing opened pages list before reload
2023-02-12T05:51:54.022Z - info: Current opened pages, from most-to-least recent:
2023-02-12T05:51:54.023Z - info: 1. schedule/week5/project
2023-02-12T05:51:55.040Z - info: Rebuilding 1 pages
2023-02-12T05:51:56.915Z - info: Site data built
2023-02-12T05:51:56.916Z - info: Pages rebuilt
2023-02-12T05:51:56.916Z - info: Website regeneration complete! Total build time: 1.877s
2023-02-12T05:52:08.192Z - info: [1:52:08 pm] Reload for file change: C:\repos\nus-cs2103\cs2103-website-base\admin\ip-tasks-fragment.md
2023-02-12T05:52:08.193Z - info: Synchronizing opened pages list before reload
2023-02-12T05:52:08.194Z - info: Current opened pages, from most-to-least recent:
2023-02-12T05:52:08.194Z - info: 1. schedule/week5/project
2023-02-12T05:52:09.212Z - info: Rebuilding 1 pages
2023-02-12T05:52:10.569Z - info: Site data built
2023-02-12T05:52:10.570Z - info: Pages rebuilt
2023-02-12T05:52:10.570Z - info: Website regeneration complete! Total build time: 1.359s
2023-02-12T05:54:12.060Z - info: [1:54:12 pm] Reload for file change: C:\repos\nus-cs2103\cs2103-website-base\admin\ip-tasks-fragment.md
2023-02-12T05:54:12.061Z - info: Synchronizing opened pages list before reload
2023-02-12T05:54:12.061Z - info: Current opened pages, from most-to-least recent:
2023-02-12T05:54:12.062Z - info: 1. schedule/week5/project
2023-02-12T05:54:13.080Z - info: Rebuilding 1 pages
2023-02-12T05:54:15.135Z - info: Site data built
2023-02-12T05:54:15.136Z - info: Pages rebuilt
2023-02-12T05:54:15.136Z - info: Website regeneration complete! Total build time: 2.057s
2023-02-12T05:54:43.273Z - info: [1:54:43 pm] Reload for file deletion: C:\repos\nus-cs2103\cs2103-website-base\admin\ip-tasks-fragment.md
2023-02-12T05:54:43.274Z - info: Synchronizing opened pages list before reload
2023-02-12T05:54:43.275Z - info: Current opened pages, from most-to-least recent:
2023-02-12T05:54:43.275Z - info: 1. schedule/week5/project
2023-02-12T05:54:49.236Z - info: Pages or site config modified, updating pages...
2023-02-12T05:54:53.785Z - info: [1:54:53 pm] Reload for file add: C:\repos\nus-cs2103\cs2103-website-base\admin\ip-tasks-fragment.md
2023-02-12T05:54:53.785Z - info: Synchronizing opened pages list before reload
2023-02-12T05:54:53.785Z - info: Current opened pages, from most-to-least recent:
2023-02-12T05:54:53.785Z - info: 1. schedule/week5/project
2023-02-12T05:54:57.420Z - info: Building C:\repos\nus-cs2103\cs2103-website-base\schedule\week5\project as some of its dependencies were changed since the last visit
2023-02-12T05:54:58.846Z - info: Site data built
2023-02-12T05:54:58.847Z - info: Lazy website regeneration complete! Total build time: 1.427s
2023-02-12T05:54:58.850Z - info: Pages or site config modified, updating pages...
2023-02-12T05:55:03.380Z - info: Building C:\repos\nus-cs2103\cs2103-website-base\schedule\week5\project as some of its dependencies were changed since the last visit
2023-02-12T05:55:04.433Z - info: Site data built
2023-02-12T05:55:04.434Z - info: Lazy website regeneration complete! Total build time: 1.053s
2023-02-12T06:01:55.559Z - info: [2:01:55 pm] Reload for file change: C:\repos\nus-cs2103\cs2103-website-base\admin\ip-tasks-fragment.md
2023-02-12T06:01:55.560Z - info: Synchronizing opened pages list before reload
2023-02-12T06:01:55.560Z - info: Current opened pages, from most-to-least recent:
2023-02-12T06:01:55.560Z - info: 1. schedule/week5/project
2023-02-12T06:01:56.567Z - info: Rebuilding 1 pages
2023-02-12T06:01:58.744Z - info: Site data built
2023-02-12T06:01:58.745Z - info: Pages rebuilt
2023-02-12T06:01:58.745Z - info: Website regeneration complete! Total build time: 2.18s
2023-02-12T06:02:22.022Z - info: Building C:\repos\nus-cs2103\cs2103-website-base\schedule\week6\index as some of its dependencies were changed since the last visit
2023-02-12T06:02:23.213Z - info: Site data built
2023-02-12T06:02:23.214Z - info: Lazy website regeneration complete! Total build time: 1.191s
2023-02-12T06:02:26.454Z - info: Building C:\repos\nus-cs2103\cs2103-website-base\schedule\week6\project as some of its dependencies were changed since the last visit
2023-02-12T06:02:29.087Z - info: Site data built
2023-02-12T06:02:29.087Z - info: Lazy website regeneration complete! Total build time: 2.634s
2023-02-12T06:05:50.277Z - info: [2:05:50 pm] Reload for file change: C:\repos\nus-cs2103\cs2103-website-base\admin\ip-tasks-fragment.md
2023-02-12T06:05:50.278Z - info: Synchronizing opened pages list before reload
2023-02-12T06:05:50.279Z - info: Current opened pages, from most-to-least recent:
2023-02-12T06:05:50.279Z - info: 1. schedule/week6/project
2023-02-12T06:05:51.300Z - info: Rebuilding 1 pages
2023-02-12T06:05:54.056Z - info: Site data built
2023-02-12T06:05:54.056Z - info: Pages rebuilt
2023-02-12T06:05:54.057Z - info: Website regeneration complete! Total build time: 2.758s
2023-02-12T06:12:12.886Z - info: Website generation started at 2:12:11 pm
2023-02-12T06:12:22.616Z - info: Building assets...
2023-02-12T06:12:29.505Z - info: Assets built
2023-02-12T06:12:29.506Z - info: Generating pages...
2023-02-12T06:12:41.959Z - debug:  
2023-02-12T06:12:41.960Z - debug:  
2023-02-12T06:12:41.960Z - debug:  
2023-02-12T06:12:41.960Z - debug:  
2023-02-12T06:12:41.961Z - debug:  
2023-02-12T06:12:41.961Z - debug:  
2023-02-12T06:12:41.961Z - debug:  
2023-02-12T06:12:41.961Z - debug:  
2023-02-12T06:12:41.961Z - debug:  
2023-02-12T06:12:41.962Z - debug:  
2023-02-12T06:12:41.962Z - debug:  
2023-02-12T06:12:41.962Z - debug:  
2023-02-12T06:12:42.348Z - debug:  
2023-02-12T06:14:20.843Z - debug:  
2023-02-12T06:14:32.435Z - debug:  
2023-02-12T06:14:32.435Z - debug:  
2023-02-12T06:14:38.938Z - info: Pages built
2023-02-12T06:14:39.846Z - info: Site data built
2023-02-12T06:14:39.846Z - info: Website generation complete! Total build time: 148.434s
2023-02-12T06:14:39.846Z - info: Build success!
2023-02-12T06:16:56.315Z - info: The website has been deployed at: https://nus-cs2103-ay2223s2.github.io/website
2023-02-12T10:15:13.755Z - info: Website generation (lazy) started at 6:15:08 pm
2023-02-12T10:15:26.973Z - info: Building assets...
2023-02-12T10:15:34.924Z - info: Assets built
2023-02-12T10:15:34.925Z - info: Generating landing page...
2023-02-12T10:15:36.201Z - info: Landing page built, other pages will be built as you navigate to them!
2023-02-12T10:15:37.310Z - info: Site data built
2023-02-12T10:15:37.311Z - info: Website generation (lazy) complete! Total build time: 28.874s
2023-02-12T10:15:38.238Z - info: Serving "C:\repos\nus-cs2103\cs2103-website-base\_site" at http://127.0.0.1:8080
2023-02-12T10:15:38.238Z - info: Press CTRL+C to stop ...
2023-02-12T10:15:49.256Z - info: Building C:\repos\nus-cs2103\cs2103-website-base\schedule\week5\index as some of its dependencies were changed since the last visit
2023-02-12T10:15:58.340Z - info: Site data built
2023-02-12T10:15:58.341Z - info: Lazy website regeneration complete! Total build time: 9.085s
2023-02-12T10:16:09.041Z - info: Building C:\repos\nus-cs2103\cs2103-website-base\schedule\week4\index as some of its dependencies were changed since the last visit
2023-02-12T10:16:10.310Z - info: Site data built
2023-02-12T10:16:10.310Z - info: Lazy website regeneration complete! Total build time: 1.271s
2023-02-12T10:16:19.965Z - info: Building C:\repos\nus-cs2103\cs2103-website-base\schedule\week3\index as some of its dependencies were changed since the last visit
2023-02-12T10:16:20.852Z - info: Site data built
2023-02-12T10:16:20.853Z - info: Lazy website regeneration complete! Total build time: 0.888s
2023-02-12T10:16:27.313Z - info: Building C:\repos\nus-cs2103\cs2103-website-base\schedule\week3\project as some of its dependencies were changed since the last visit
2023-02-12T10:16:28.891Z - info: Site data built
2023-02-12T10:16:28.892Z - info: Lazy website regeneration complete! Total build time: 1.58s
2023-02-12T10:16:51.849Z - info: [6:16:51 pm] Reload for file change: C:\repos\nus-cs2103\cs2103-website-base\admin\ip-tasks-fragment.md
2023-02-12T10:16:51.850Z - info: Synchronizing opened pages list before reload
2023-02-12T10:16:51.850Z - info: Current opened pages, from most-to-least recent:
2023-02-12T10:16:51.851Z - info: 1. schedule/week3/project
2023-02-12T10:16:52.860Z - info: Rebuilding 1 pages
2023-02-12T10:16:54.644Z - info: Site data built
2023-02-12T10:16:54.644Z - info: Pages rebuilt
2023-02-12T10:16:54.644Z - info: Website regeneration complete! Total build time: 1.785s
2023-02-12T10:18:04.637Z - info: [6:18:04 pm] Reload for file change: C:\repos\nus-cs2103\cs2103-website-base\admin\ip-tasks-fragment.md
2023-02-12T10:18:04.638Z - info: Synchronizing opened pages list before reload
2023-02-12T10:18:04.639Z - info: Current opened pages, from most-to-least recent:
2023-02-12T10:18:04.639Z - info: 1. schedule/week3/project
2023-02-12T10:18:05.654Z - info: Rebuilding 1 pages
2023-02-12T10:18:07.355Z - info: Site data built
2023-02-12T10:18:07.356Z - info: Pages rebuilt
2023-02-12T10:18:07.356Z - info: Website regeneration complete! Total build time: 1.703s
2023-02-12T10:19:29.406Z - info: [6:19:29 pm] Reload for file change: C:\repos\nus-cs2103\cs2103-website-base\admin\ip-tasks-fragment.md
2023-02-12T10:19:29.407Z - info: Synchronizing opened pages list before reload
2023-02-12T10:19:29.408Z - info: Current opened pages, from most-to-least recent:
2023-02-12T10:19:29.409Z - info: 1. schedule/week3/project
2023-02-12T10:19:30.429Z - info: Rebuilding 1 pages
2023-02-12T10:19:32.618Z - info: Site data built
2023-02-12T10:19:32.618Z - info: Pages rebuilt
2023-02-12T10:19:32.619Z - info: Website regeneration complete! Total build time: 2.19s
2023-02-12T10:20:02.178Z - info: [6:20:02 pm] Reload for file change: C:\repos\nus-cs2103\cs2103-website-base\admin\ip-tasks-fragment.md
2023-02-12T10:20:02.178Z - info: Synchronizing opened pages list before reload
2023-02-12T10:20:02.179Z - info: Current opened pages, from most-to-least recent:
2023-02-12T10:20:02.179Z - info: 1. schedule/week3/project
2023-02-12T10:20:03.193Z - info: Rebuilding 1 pages
2023-02-12T10:20:05.464Z - info: Site data built
2023-02-12T10:20:05.465Z - info: Pages rebuilt
2023-02-12T10:20:05.465Z - info: Website regeneration complete! Total build time: 2.273s
2023-02-12T10:20:38.583Z - info: [6:20:38 pm] Reload for file change: C:\repos\nus-cs2103\cs2103-website-base\admin\ip-tasks-fragment.md
2023-02-12T10:20:38.585Z - info: Synchronizing opened pages list before reload
2023-02-12T10:20:38.585Z - info: Current opened pages, from most-to-least recent:
2023-02-12T10:20:38.586Z - info: 1. schedule/week3/project
2023-02-12T10:20:39.604Z - info: Rebuilding 1 pages
2023-02-12T10:20:41.820Z - info: Site data built
2023-02-12T10:20:41.821Z - info: Pages rebuilt
2023-02-12T10:20:41.822Z - info: Website regeneration complete! Total build time: 2.219s
2023-02-12T10:20:45.575Z - info: [6:20:45 pm] Reload for file change: C:\repos\nus-cs2103\cs2103-website-base\admin\ip-tasks-fragment.md
2023-02-12T10:20:45.577Z - info: Synchronizing opened pages list before reload
2023-02-12T10:20:45.577Z - info: Current opened pages, from most-to-least recent:
2023-02-12T10:20:45.579Z - info: 1. schedule/week3/project
2023-02-12T10:20:46.595Z - info: Rebuilding 1 pages
2023-02-12T10:20:48.180Z - info: Site data built
2023-02-12T10:20:48.180Z - info: Pages rebuilt
2023-02-12T10:20:48.180Z - info: Website regeneration complete! Total build time: 1.586s
2023-02-12T10:21:13.685Z - info: [6:21:13 pm] Reload for file change: C:\repos\nus-cs2103\cs2103-website-base\admin\ip-tasks-fragment.md
2023-02-12T10:21:13.685Z - info: Synchronizing opened pages list before reload
2023-02-12T10:21:13.686Z - info: Current opened pages, from most-to-least recent:
2023-02-12T10:21:13.686Z - info: 1. schedule/week3/project
2023-02-12T10:21:14.707Z - info: Rebuilding 1 pages
2023-02-12T10:21:16.637Z - info: Site data built
2023-02-12T10:21:16.637Z - info: Pages rebuilt
2023-02-12T10:21:16.638Z - info: Website regeneration complete! Total build time: 1.931s
2023-02-12T10:21:38.964Z - info: [6:21:38 pm] Reload for file change: C:\repos\nus-cs2103\cs2103-website-base\admin\ip-tasks-fragment.md
2023-02-12T10:21:38.965Z - info: Synchronizing opened pages list before reload
2023-02-12T10:21:38.965Z - info: Current opened pages, from most-to-least recent:
2023-02-12T10:21:38.966Z - info: 1. schedule/week3/project
2023-02-12T10:21:39.978Z - info: Rebuilding 1 pages
2023-02-12T10:21:41.994Z - info: Site data built
2023-02-12T10:21:41.995Z - info: Pages rebuilt
2023-02-12T10:21:41.996Z - info: Website regeneration complete! Total build time: 2.018s
2023-02-12T10:22:06.575Z - info: [6:22:06 pm] Reload for file change: C:\repos\nus-cs2103\cs2103-website-base\admin\ip-tasks-fragment.md
2023-02-12T10:22:06.576Z - info: Synchronizing opened pages list before reload
2023-02-12T10:22:06.577Z - info: Current opened pages, from most-to-least recent:
2023-02-12T10:22:06.578Z - info: 1. schedule/week3/project
2023-02-12T10:22:07.587Z - info: Rebuilding 1 pages
2023-02-12T10:22:09.562Z - info: Site data built
2023-02-12T10:22:09.563Z - info: Pages rebuilt
2023-02-12T10:22:09.563Z - info: Website regeneration complete! Total build time: 1.977s
2023-02-12T10:23:05.433Z - info: [6:23:05 pm] Reload for file change: C:\repos\nus-cs2103\cs2103-website-base\admin\ip-tasks-fragment.md
2023-02-12T10:23:05.434Z - info: Synchronizing opened pages list before reload
2023-02-12T10:23:05.434Z - info: Current opened pages, from most-to-least recent:
2023-02-12T10:23:05.435Z - info: 1. schedule/week3/project
2023-02-12T10:23:06.450Z - info: Rebuilding 1 pages
2023-02-12T10:23:08.322Z - info: Site data built
2023-02-12T10:23:08.322Z - info: Pages rebuilt
2023-02-12T10:23:08.322Z - info: Website regeneration complete! Total build time: 1.874s
2023-02-12T10:24:48.608Z - info: [6:24:48 pm] Reload for file change: C:\repos\nus-cs2103\cs2103-website-base\admin\ip-tasks-fragment.md
2023-02-12T10:24:48.609Z - info: Synchronizing opened pages list before reload
2023-02-12T10:24:48.609Z - info: Current opened pages, from most-to-least recent:
2023-02-12T10:24:48.609Z - info: 1. schedule/week3/project
2023-02-12T10:24:49.622Z - info: Rebuilding 1 pages
2023-02-12T10:24:51.440Z - info: Site data built
2023-02-12T10:24:51.441Z - info: Pages rebuilt
2023-02-12T10:24:51.441Z - info: Website regeneration complete! Total build time: 1.819s
2023-02-12T10:26:43.189Z - info: [6:26:43 pm] Reload for file change: C:\repos\nus-cs2103\cs2103-website-base\admin\ip-tasks-fragment.md
2023-02-12T10:26:43.190Z - info: Synchronizing opened pages list before reload
2023-02-12T10:26:43.190Z - info: Current opened pages, from most-to-least recent:
2023-02-12T10:26:43.191Z - info: 1. schedule/week3/project
2023-02-12T10:26:44.209Z - info: Rebuilding 1 pages
2023-02-12T10:26:45.885Z - info: Site data built
2023-02-12T10:26:45.886Z - info: Pages rebuilt
2023-02-12T10:26:45.886Z - info: Website regeneration complete! Total build time: 1.678s
2023-02-12T10:26:56.622Z - info: [6:26:56 pm] Reload for file change: C:\repos\nus-cs2103\cs2103-website-base\admin\ip-tasks-fragment.md
2023-02-12T10:26:56.622Z - info: Synchronizing opened pages list before reload
2023-02-12T10:26:56.622Z - info: Current opened pages, from most-to-least recent:
2023-02-12T10:26:56.622Z - info: 1. schedule/week3/project
2023-02-12T10:26:57.625Z - info: Rebuilding 1 pages
2023-02-12T10:26:58.852Z - info: Site data built
2023-02-12T10:26:58.853Z - info: Pages rebuilt
2023-02-12T10:26:58.853Z - info: Website regeneration complete! Total build time: 1.229s
2023-02-12T10:27:57.320Z - info: [6:27:57 pm] Reload for file change: C:\repos\nus-cs2103\cs2103-website-base\admin\ip-tasks-fragment.md
2023-02-12T10:27:57.321Z - info: Synchronizing opened pages list before reload
2023-02-12T10:27:57.321Z - info: Current opened pages, from most-to-least recent:
2023-02-12T10:27:57.321Z - info: 1. schedule/week3/project
2023-02-12T10:27:58.337Z - info: Rebuilding 1 pages
2023-02-12T10:27:59.948Z - info: Site data built
2023-02-12T10:27:59.948Z - info: Pages rebuilt
2023-02-12T10:27:59.948Z - info: Website regeneration complete! Total build time: 1.612s
2023-02-12T10:29:04.770Z - info: [6:29:04 pm] Reload for file change: C:\repos\nus-cs2103\cs2103-website-base\admin\ip-tasks-fragment.md
2023-02-12T10:29:04.771Z - info: Synchronizing opened pages list before reload
2023-02-12T10:29:04.772Z - info: Current opened pages, from most-to-least recent:
2023-02-12T10:29:04.772Z - info: 1. schedule/week3/project
2023-02-12T10:29:05.780Z - info: Rebuilding 1 pages
2023-02-12T10:29:07.417Z - info: Site data built
2023-02-12T10:29:07.418Z - info: Pages rebuilt
2023-02-12T10:29:07.418Z - info: Website regeneration complete! Total build time: 1.639s
2023-02-12T10:31:17.167Z - info: Website generation started at 6:31:15 pm
2023-02-12T10:31:28.476Z - info: Building assets...
2023-02-12T10:31:35.890Z - info: Assets built
2023-02-12T10:31:35.891Z - info: Generating pages...
2023-02-12T10:31:49.086Z - debug:  
2023-02-12T10:31:49.086Z - debug:  
2023-02-12T10:31:49.086Z - debug:  
2023-02-12T10:31:49.087Z - debug:  
2023-02-12T10:31:49.087Z - debug:  
2023-02-12T10:31:49.087Z - debug:  
2023-02-12T10:31:49.087Z - debug:  
2023-02-12T10:31:49.088Z - debug:  
2023-02-12T10:31:49.088Z - debug:  
2023-02-12T10:31:49.088Z - debug:  
2023-02-12T10:31:49.088Z - debug:  
2023-02-12T10:31:49.088Z - debug:  
2023-02-12T10:31:49.488Z - debug:  
2023-02-12T10:33:46.547Z - debug:  
2023-02-12T10:34:01.292Z - debug:  
2023-02-12T10:34:01.292Z - debug:  
2023-02-12T10:34:08.303Z - info: Pages built
2023-02-12T10:34:09.363Z - info: Site data built
2023-02-12T10:34:09.364Z - info: Website generation complete! Total build time: 174.133s
2023-02-12T10:34:09.364Z - info: Build success!
2023-02-12T10:36:30.731Z - info: The website has been deployed at: https://nus-cs2103-ay2223s2.github.io/website
