2023-04-08T04:23:31.238Z - info: Website generation (lazy) started at 12:23:26 pm
2023-04-08T04:23:42.079Z - info: Building assets...
2023-04-08T04:23:51.243Z - info: Assets built
2023-04-08T04:23:51.244Z - info: Generating landing page...
2023-04-08T04:23:52.300Z - info: Landing page built, other pages will be built as you navigate to them!
2023-04-08T04:23:53.353Z - info: Site data built
2023-04-08T04:23:53.353Z - info: Website generation (lazy) complete! Total build time: 26.79s
2023-04-08T04:23:54.183Z - info: Serving "C:\repos\nus-cs2103\cs2103-website-base\_site" at http://127.0.0.1:8080
2023-04-08T04:23:54.183Z - info: Press CTRL+C to stop ...
2023-04-08T04:24:05.962Z - info: Building C:\repos\nus-cs2103\cs2103-website-base\admin\tp-pe as some of its dependencies were changed since the last visit
2023-04-08T04:24:13.430Z - info: Site data built
2023-04-08T04:24:13.431Z - info: Lazy website regeneration complete! Total build time: 7.468s
2023-04-08T04:24:37.820Z - info: [12:24:37 pm] Reload for file change: C:\repos\nus-cs2103\cs2103-website-base\admin\tp-pe-fragment.md
2023-04-08T04:24:37.821Z - info: Synchronizing opened pages list before reload
2023-04-08T04:24:37.821Z - info: Current opened pages, from most-to-least recent:
2023-04-08T04:24:37.822Z - info: 1. admin/tp-pe
2023-04-08T04:24:38.833Z - info: Rebuilding 1 pages
2023-04-08T04:24:39.857Z - info: Site data built
2023-04-08T04:24:39.858Z - info: Pages rebuilt
2023-04-08T04:24:39.859Z - info: Website regeneration complete! Total build time: 1.026s
2023-04-08T04:25:12.041Z - info: [12:25:12 pm] Reload for file change: C:\repos\nus-cs2103\cs2103-website-base\admin\tp-pe-fragment.md
2023-04-08T04:25:12.043Z - info: Synchronizing opened pages list before reload
2023-04-08T04:25:12.044Z - info: Current opened pages, from most-to-least recent:
2023-04-08T04:25:12.044Z - info: 1. admin/tp-pe
2023-04-08T04:25:13.069Z - info: Rebuilding 1 pages
2023-04-08T04:25:13.834Z - info: Site data built
2023-04-08T04:25:13.834Z - info: Pages rebuilt
2023-04-08T04:25:13.834Z - info: Website regeneration complete! Total build time: 0.767s
2023-04-08T04:28:15.751Z - info: Building C:\repos\nus-cs2103\cs2103-website-base\admin\tp-grading as some of its dependencies were changed since the last visit
2023-04-08T04:28:16.610Z - info: Site data built
2023-04-08T04:28:16.610Z - info: Lazy website regeneration complete! Total build time: 0.86s
2023-04-08T04:28:45.691Z - info: Website generation started at 12:28:43 pm
2023-04-08T04:28:56.868Z - info: Building assets...
2023-04-08T04:29:04.785Z - info: Assets built
2023-04-08T04:29:04.786Z - info: Generating pages...
2023-04-08T04:29:17.750Z - debug:  
2023-04-08T04:29:17.751Z - debug:  
2023-04-08T04:29:17.751Z - debug:  
2023-04-08T04:29:17.760Z - debug:  
2023-04-08T04:29:17.799Z - debug:  
2023-04-08T04:29:20.574Z - debug:  
2023-04-08T04:29:20.574Z - debug:  
2023-04-08T04:29:20.575Z - debug:  
2023-04-08T04:29:20.575Z - debug:  
2023-04-08T04:29:20.575Z - debug:  
2023-04-08T04:29:20.575Z - debug:  
2023-04-08T04:29:20.576Z - debug:  
2023-04-08T04:29:21.014Z - debug:  
2023-04-08T04:31:13.093Z - debug:  
2023-04-08T04:31:27.024Z - debug:  
2023-04-08T04:31:27.040Z - debug:  
2023-04-08T04:31:34.958Z - info: Pages built
2023-04-08T04:31:36.123Z - info: Site data built
2023-04-08T04:31:36.124Z - info: Website generation complete! Total build time: 172.149s
2023-04-08T04:31:36.124Z - info: Build success!
2023-04-08T04:37:43.512Z - info: The website has been deployed at: https://nus-cs2103-ay2223s2.github.io/website
2023-04-08T06:57:32.370Z - info: Website generation started at 2:57:24 pm
2023-04-08T06:57:47.997Z - info: Building assets...
2023-04-08T06:57:56.823Z - info: Assets built
2023-04-08T06:57:56.824Z - info: Generating pages...
2023-04-08T06:58:10.947Z - debug:  
2023-04-08T06:58:10.975Z - debug:  
2023-04-08T06:58:10.979Z - debug:  
2023-04-08T06:58:11.011Z - debug:  
2023-04-08T06:58:11.016Z - debug:  
2023-04-08T06:58:13.668Z - debug:  
2023-04-08T06:58:13.668Z - debug:  
2023-04-08T06:58:13.669Z - debug:  
2023-04-08T06:58:13.669Z - debug:  
2023-04-08T06:58:13.669Z - debug:  
2023-04-08T06:58:13.670Z - debug:  
2023-04-08T06:58:13.670Z - debug:  
2023-04-08T06:58:14.144Z - debug:  
2023-04-08T07:00:15.122Z - debug:  
2023-04-08T07:00:29.465Z - debug:  
2023-04-08T07:00:30.055Z - debug:  
2023-04-08T07:00:37.422Z - info: Pages built
2023-04-08T07:00:38.635Z - info: Site data built
2023-04-08T07:00:38.635Z - info: Website generation complete! Total build time: 194.036s
2023-04-08T07:00:38.635Z - info: Build success!
2023-04-08T07:02:58.439Z - info: The website has been deployed at: https://nus-cs2103-ay2223s2.github.io/website
2023-04-08T08:38:44.266Z - info: Website generation started at 4:38:39 pm
2023-04-08T08:38:57.952Z - info: Building assets...
2023-04-08T08:39:05.411Z - info: Assets built
2023-04-08T08:39:05.412Z - info: Generating pages...
2023-04-08T08:39:17.553Z - debug:  
2023-04-08T08:39:17.554Z - debug:  
2023-04-08T08:39:17.554Z - debug:  
2023-04-08T08:39:17.554Z - debug:  
2023-04-08T08:39:17.554Z - debug:  
2023-04-08T08:39:17.555Z - debug:  
2023-04-08T08:39:17.555Z - debug:  
2023-04-08T08:39:17.555Z - debug:  
2023-04-08T08:39:17.555Z - debug:  
2023-04-08T08:39:17.556Z - debug:  
2023-04-08T08:39:17.556Z - debug:  
2023-04-08T08:39:17.556Z - debug:  
2023-04-08T08:39:17.934Z - debug:  
2023-04-08T08:41:03.911Z - debug:  
2023-04-08T08:41:16.470Z - debug:  
2023-04-08T08:41:16.470Z - debug:  
2023-04-08T08:41:23.752Z - info: Pages built
2023-04-08T08:41:25.017Z - info: Site data built
2023-04-08T08:41:25.017Z - info: Website generation complete! Total build time: 165.56s
2023-04-08T08:41:25.018Z - info: Build success!
2023-04-08T08:43:49.776Z - info: The website has been deployed at: https://nus-cs2103-ay2223s2.github.io/website
