2023-04-11T12:41:57.124Z - info: Website generation started at 8:41:51 pm
2023-04-11T12:42:13.039Z - info: Building assets...
2023-04-11T12:42:25.456Z - info: Assets built
2023-04-11T12:42:25.457Z - info: Generating pages...
2023-04-11T12:42:43.969Z - debug:  
2023-04-11T12:42:43.971Z - debug:  
2023-04-11T12:42:43.972Z - debug:  
2023-04-11T12:42:43.972Z - debug:  
2023-04-11T12:42:43.973Z - debug:  
2023-04-11T12:42:43.974Z - debug:  
2023-04-11T12:42:43.974Z - debug:  
2023-04-11T12:42:43.975Z - debug:  
2023-04-11T12:42:54.431Z - debug:  
2023-04-11T12:42:54.432Z - debug:  
2023-04-11T12:42:57.248Z - debug:  
2023-04-11T12:43:24.058Z - debug:  
2023-04-11T12:43:43.193Z - debug:  
2023-04-11T12:44:30.274Z - info: Pages built
2023-04-11T12:44:31.496Z - info: Site data built
2023-04-11T12:44:31.496Z - info: Website generation complete! Total build time: 160.426s
2023-04-11T12:44:31.497Z - info: Build success!
2023-04-11T12:47:08.354Z - info: The website has been deployed at: https://nus-tee3201.github.io/2023
