2023-03-19T06:28:30.732Z - info: Website generation (lazy) started at 2:28:26 pm
2023-03-19T06:28:43.021Z - info: Building assets...
2023-03-19T06:28:51.778Z - info: Assets built
2023-03-19T06:28:51.781Z - info: Generating landing page...
2023-03-19T06:28:52.901Z - info: Landing page built, other pages will be built as you navigate to them!
2023-03-19T06:28:54.371Z - info: Site data built
2023-03-19T06:28:54.371Z - info: Website generation (lazy) complete! Total build time: 28.175s
2023-03-19T06:28:55.285Z - info: Serving "C:\repos\nus-cs2103\cs2103-website-base\_site" at http://127.0.0.1:8080
2023-03-19T06:28:55.286Z - info: Press CTRL+C to stop ...
2023-03-19T06:29:53.992Z - info: Building C:\repos\nus-cs2103\cs2103-website-base\admin\index as some of its dependencies were changed since the last visit
2023-03-19T06:29:57.551Z - info: Site data built
2023-03-19T06:29:57.552Z - info: Lazy website regeneration complete! Total build time: 3.562s
2023-03-19T06:32:00.059Z - info: [2:32:00 pm] Reload for file change: C:\repos\nus-cs2103\cs2103-website-base\admin\index-tic2002-fragment.md
2023-03-19T06:32:00.060Z - info: Synchronizing opened pages list before reload
2023-03-19T06:32:00.061Z - info: Current opened pages, from most-to-least recent:
2023-03-19T06:32:00.061Z - info: 1. admin/index
2023-03-19T06:32:01.082Z - info: Rebuilding 1 pages
2023-03-19T06:32:02.637Z - info: Site data built
2023-03-19T06:32:02.638Z - info: Pages rebuilt
2023-03-19T06:32:02.638Z - info: Website regeneration complete! Total build time: 1.558s
2023-03-19T07:44:26.829Z - info: [3:44:26 pm] Reload for file change: C:\repos\nus-cs2103\cs2103-website-base\admin\index-tic2002-fragment.md
2023-03-19T07:44:26.839Z - info: Synchronizing opened pages list before reload
2023-03-19T07:44:26.846Z - info: Current opened pages, from most-to-least recent:
2023-03-19T07:44:26.847Z - info: 1. admin/index
2023-03-19T07:44:27.874Z - info: Rebuilding 1 pages
2023-03-19T07:44:30.350Z - info: Site data built
2023-03-19T07:44:30.350Z - info: Pages rebuilt
2023-03-19T07:44:30.351Z - info: Website regeneration complete! Total build time: 2.479s
2023-03-19T07:45:01.515Z - info: [3:45:01 pm] Reload for file change: C:\repos\nus-cs2103\cs2103-website-base\admin\index-tic2002-fragment.md
2023-03-19T07:45:01.516Z - info: Synchronizing opened pages list before reload
2023-03-19T07:45:01.517Z - info: Current opened pages, from most-to-least recent:
2023-03-19T07:45:01.517Z - info: 1. admin/index
2023-03-19T07:45:02.531Z - info: Rebuilding 1 pages
2023-03-19T07:45:04.268Z - info: Site data built
2023-03-19T07:45:04.269Z - info: Pages rebuilt
2023-03-19T07:45:04.269Z - info: Website regeneration complete! Total build time: 1.739s
2023-03-19T07:45:10.560Z - info: [3:45:10 pm] Reload for file change: C:\repos\nus-cs2103\cs2103-website-base\admin\index-tic2002-fragment.md
2023-03-19T07:45:10.561Z - info: Synchronizing opened pages list before reload
2023-03-19T07:45:10.562Z - info: Current opened pages, from most-to-least recent:
2023-03-19T07:45:10.562Z - info: 1. admin/index
2023-03-19T07:45:11.578Z - info: Rebuilding 1 pages
2023-03-19T07:45:12.953Z - info: Site data built
2023-03-19T07:45:12.953Z - info: Pages rebuilt
2023-03-19T07:45:12.953Z - info: Website regeneration complete! Total build time: 1.376s
2023-03-19T07:45:57.145Z - info: [3:45:57 pm] Reload for file change: C:\repos\nus-cs2103\cs2103-website-base\admin\index-tic2002-fragment.md
2023-03-19T07:45:57.146Z - info: Synchronizing opened pages list before reload
2023-03-19T07:45:57.146Z - info: Current opened pages, from most-to-least recent:
2023-03-19T07:45:57.146Z - info: 1. admin/index
2023-03-19T07:45:58.157Z - info: Rebuilding 1 pages
2023-03-19T07:45:59.915Z - info: Site data built
2023-03-19T07:45:59.916Z - info: Pages rebuilt
2023-03-19T07:45:59.916Z - info: Website regeneration complete! Total build time: 1.76s
2023-03-19T07:46:43.295Z - info: [3:46:43 pm] Reload for file change: C:\repos\nus-cs2103\cs2103-website-base\admin\index-tic2002-fragment.md
2023-03-19T07:46:43.296Z - info: Synchronizing opened pages list before reload
2023-03-19T07:46:43.296Z - info: Current opened pages, from most-to-least recent:
2023-03-19T07:46:43.297Z - info: 1. admin/index
2023-03-19T07:46:44.316Z - info: Rebuilding 1 pages
2023-03-19T07:46:45.532Z - info: Site data built
2023-03-19T07:46:45.532Z - info: Pages rebuilt
2023-03-19T07:46:45.532Z - info: Website regeneration complete! Total build time: 1.217s
2023-03-19T07:47:33.799Z - info: [3:47:33 pm] Reload for file change: C:\repos\nus-cs2103\cs2103-website-base\admin\index-tic2002-fragment.md
2023-03-19T07:47:33.800Z - info: Synchronizing opened pages list before reload
2023-03-19T07:47:33.801Z - info: Current opened pages, from most-to-least recent:
2023-03-19T07:47:33.801Z - info: 1. admin/index
2023-03-19T07:47:34.816Z - info: Rebuilding 1 pages
2023-03-19T07:47:36.019Z - info: Site data built
2023-03-19T07:47:36.019Z - info: Pages rebuilt
2023-03-19T07:47:36.019Z - info: Website regeneration complete! Total build time: 1.204s
2023-03-19T07:47:58.814Z - info: [3:47:58 pm] Reload for file change: C:\repos\nus-cs2103\cs2103-website-base\admin\index-tic2002-fragment.md
2023-03-19T07:47:58.815Z - info: Synchronizing opened pages list before reload
2023-03-19T07:47:58.816Z - info: Current opened pages, from most-to-least recent:
2023-03-19T07:47:58.816Z - info: 1. admin/index
2023-03-19T07:47:59.820Z - info: Rebuilding 1 pages
2023-03-19T07:48:01.006Z - info: Site data built
2023-03-19T07:48:01.007Z - info: Pages rebuilt
2023-03-19T07:48:01.007Z - info: Website regeneration complete! Total build time: 1.188s
2023-03-19T07:48:11.892Z - info: [3:48:11 pm] Reload for file change: C:\repos\nus-cs2103\cs2103-website-base\admin\index-tic2002-fragment.md
2023-03-19T07:48:11.893Z - info: Synchronizing opened pages list before reload
2023-03-19T07:48:11.893Z - info: Current opened pages, from most-to-least recent:
2023-03-19T07:48:11.893Z - info: 1. admin/index
2023-03-19T07:48:12.914Z - info: Rebuilding 1 pages
2023-03-19T07:48:13.875Z - info: Site data built
2023-03-19T07:48:13.876Z - info: Pages rebuilt
2023-03-19T07:48:13.876Z - info: Website regeneration complete! Total build time: 0.963s
2023-03-19T07:48:32.052Z - info: [3:48:32 pm] Reload for file change: C:\repos\nus-cs2103\cs2103-website-base\admin\index-tic2002-fragment.md
2023-03-19T07:48:32.052Z - info: Synchronizing opened pages list before reload
2023-03-19T07:48:32.053Z - info: Current opened pages, from most-to-least recent:
2023-03-19T07:48:32.053Z - info: 1. admin/index
2023-03-19T07:48:33.065Z - info: Rebuilding 1 pages
2023-03-19T07:48:34.242Z - info: Site data built
2023-03-19T07:48:34.243Z - info: Pages rebuilt
2023-03-19T07:48:34.243Z - info: Website regeneration complete! Total build time: 1.179s
2023-03-19T07:49:20.752Z - info: [3:49:20 pm] Reload for file change: C:\repos\nus-cs2103\cs2103-website-base\admin\index-tic2002-fragment.md
2023-03-19T07:49:20.753Z - info: Synchronizing opened pages list before reload
2023-03-19T07:49:20.753Z - info: Current opened pages, from most-to-least recent:
2023-03-19T07:49:20.753Z - info: 1. admin/index
2023-03-19T07:49:21.773Z - info: Rebuilding 1 pages
2023-03-19T07:49:22.969Z - info: Site data built
2023-03-19T07:49:22.969Z - info: Pages rebuilt
2023-03-19T07:49:22.970Z - info: Website regeneration complete! Total build time: 1.198s
2023-03-19T07:50:21.365Z - info: [3:50:21 pm] Reload for file change: C:\repos\nus-cs2103\cs2103-website-base\admin\index-tic2002-fragment.md
2023-03-19T07:50:21.366Z - info: Synchronizing opened pages list before reload
2023-03-19T07:50:21.366Z - info: Current opened pages, from most-to-least recent:
2023-03-19T07:50:21.366Z - info: 1. admin/index
2023-03-19T07:50:22.372Z - info: Rebuilding 1 pages
2023-03-19T07:50:23.687Z - info: Site data built
2023-03-19T07:50:23.687Z - info: Pages rebuilt
2023-03-19T07:50:23.687Z - info: Website regeneration complete! Total build time: 1.317s
2023-03-19T07:50:58.233Z - info: [3:50:58 pm] Reload for file change: C:\repos\nus-cs2103\cs2103-website-base\admin\index-tic2002-fragment.md
2023-03-19T07:50:58.234Z - info: Synchronizing opened pages list before reload
2023-03-19T07:50:58.235Z - info: Current opened pages, from most-to-least recent:
2023-03-19T07:50:58.235Z - info: 1. admin/index
2023-03-19T07:50:59.256Z - info: Rebuilding 1 pages
2023-03-19T07:51:00.429Z - info: Site data built
2023-03-19T07:51:00.429Z - info: Pages rebuilt
2023-03-19T07:51:00.430Z - info: Website regeneration complete! Total build time: 1.173s
2023-03-19T07:51:13.196Z - info: [3:51:13 pm] Reload for file change: C:\repos\nus-cs2103\cs2103-website-base\admin\index-tic2002-fragment.md
2023-03-19T07:51:13.197Z - info: Synchronizing opened pages list before reload
2023-03-19T07:51:13.197Z - info: Current opened pages, from most-to-least recent:
2023-03-19T07:51:13.197Z - info: 1. admin/index
2023-03-19T07:51:14.200Z - info: Rebuilding 1 pages
2023-03-19T07:51:15.134Z - info: Site data built
2023-03-19T07:51:15.134Z - info: Pages rebuilt
2023-03-19T07:51:15.135Z - info: Website regeneration complete! Total build time: 0.935s
2023-03-19T07:51:32.097Z - info: [3:51:32 pm] Reload for file change: C:\repos\nus-cs2103\cs2103-website-base\admin\index-tic2002-fragment.md
2023-03-19T07:51:32.098Z - info: Synchronizing opened pages list before reload
2023-03-19T07:51:32.099Z - info: Current opened pages, from most-to-least recent:
2023-03-19T07:51:32.099Z - info: 1. admin/index
2023-03-19T07:51:33.116Z - info: Rebuilding 1 pages
2023-03-19T07:51:34.427Z - info: Site data built
2023-03-19T07:51:34.428Z - info: Pages rebuilt
2023-03-19T07:51:34.428Z - info: Website regeneration complete! Total build time: 1.313s
2023-03-19T07:54:51.301Z - info: [3:54:51 pm] Reload for file change: C:\repos\nus-cs2103\cs2103-website-base\admin\index-tic2002-fragment.md
2023-03-19T07:54:51.302Z - info: Synchronizing opened pages list before reload
2023-03-19T07:54:51.303Z - info: Current opened pages, from most-to-least recent:
2023-03-19T07:54:51.303Z - info: 1. admin/index
2023-03-19T07:54:52.320Z - info: Rebuilding 1 pages
2023-03-19T07:54:54.307Z - info: Site data built
2023-03-19T07:54:54.308Z - info: Pages rebuilt
2023-03-19T07:54:54.308Z - info: Website regeneration complete! Total build time: 1.99s
2023-03-19T08:00:49.527Z - info: [4:00:49 pm] Reload for file change: C:\repos\nus-cs2103\cs2103-website-base\admin\index-tic2002-fragment.md
2023-03-19T08:00:49.528Z - info: Synchronizing opened pages list before reload
2023-03-19T08:00:49.528Z - info: Current opened pages, from most-to-least recent:
2023-03-19T08:00:49.528Z - info: 1. admin/index
2023-03-19T08:00:50.548Z - info: Rebuilding 1 pages
2023-03-19T08:00:51.837Z - info: Site data built
2023-03-19T08:00:51.837Z - info: Pages rebuilt
2023-03-19T08:00:51.838Z - info: Website regeneration complete! Total build time: 1.291s
2023-03-19T08:01:02.518Z - info: [4:01:02 pm] Reload for file change: C:\repos\nus-cs2103\cs2103-website-base\admin\index-tic2002-fragment.md
2023-03-19T08:01:02.519Z - info: Synchronizing opened pages list before reload
2023-03-19T08:01:02.519Z - info: Current opened pages, from most-to-least recent:
2023-03-19T08:01:02.520Z - info: 1. admin/index
2023-03-19T08:01:03.543Z - info: Rebuilding 1 pages
2023-03-19T08:01:05.252Z - info: Site data built
2023-03-19T08:01:05.252Z - info: Pages rebuilt
2023-03-19T08:01:05.252Z - info: Website regeneration complete! Total build time: 1.71s
2023-03-19T08:02:12.134Z - info: [4:02:12 pm] Reload for file change: C:\repos\nus-cs2103\cs2103-website-base\admin\index-tic2002-fragment.md
2023-03-19T08:02:12.135Z - info: Synchronizing opened pages list before reload
2023-03-19T08:02:12.135Z - info: Current opened pages, from most-to-least recent:
2023-03-19T08:02:12.136Z - info: 1. admin/index
2023-03-19T08:02:13.160Z - info: Rebuilding 1 pages
2023-03-19T08:02:14.859Z - info: Site data built
2023-03-19T08:02:14.860Z - info: Pages rebuilt
2023-03-19T08:02:14.860Z - info: Website regeneration complete! Total build time: 1.701s
2023-03-19T08:03:27.300Z - info: [4:03:27 pm] Reload for file change: C:\repos\nus-cs2103\cs2103-website-base\admin\index-tic2002-fragment.md
2023-03-19T08:03:27.301Z - info: Synchronizing opened pages list before reload
2023-03-19T08:03:27.301Z - info: Current opened pages, from most-to-least recent:
2023-03-19T08:03:27.301Z - info: 1. admin/index
2023-03-19T08:03:28.316Z - info: Rebuilding 1 pages
2023-03-19T08:03:29.491Z - info: Site data built
2023-03-19T08:03:29.491Z - info: Pages rebuilt
2023-03-19T08:03:29.491Z - info: Website regeneration complete! Total build time: 1.176s
2023-03-19T08:03:36.649Z - info: [4:03:36 pm] Reload for file change: C:\repos\nus-cs2103\cs2103-website-base\admin\index-tic2002-fragment.md
2023-03-19T08:03:36.650Z - info: Synchronizing opened pages list before reload
2023-03-19T08:03:36.650Z - info: Current opened pages, from most-to-least recent:
2023-03-19T08:03:36.650Z - info: 1. admin/index
2023-03-19T08:03:37.662Z - info: Rebuilding 1 pages
2023-03-19T08:03:38.605Z - info: Site data built
2023-03-19T08:03:38.605Z - info: Pages rebuilt
2023-03-19T08:03:38.605Z - info: Website regeneration complete! Total build time: 0.944s
2023-03-19T08:05:17.318Z - info: Website generation started at 4:05:15 pm
2023-03-19T08:05:30.760Z - info: Building assets...
