2023-02-23T17:05:21.138Z - info: Website generation (lazy) started at 1:05:16 am
2023-02-23T17:05:32.431Z - info: Building assets...
2023-02-23T17:05:41.856Z - info: Assets built
2023-02-23T17:05:41.858Z - info: Generating landing page...
2023-02-23T17:05:45.260Z - info: Landing page built, other pages will be built as you navigate to them!
2023-02-23T17:05:46.701Z - info: Site data built
2023-02-23T17:05:46.702Z - info: Website generation (lazy) complete! Total build time: 30.379s
2023-02-23T17:05:47.847Z - info: Serving "C:\repos\nus-cs2103\cs2103-website-base\_site" at http://127.0.0.1:8080
2023-02-23T17:05:47.847Z - info: Press CTRL+C to stop ...
2023-02-23T17:06:07.576Z - info: Building C:\repos\nus-cs2103\cs2103-website-base\admin\appendixE-gitHub as some of its dependencies were changed since the last visit
2023-02-23T17:06:10.995Z - info: Site data built
2023-02-23T17:06:10.996Z - info: Lazy website regeneration complete! Total build time: 3.419s
2023-02-23T17:07:09.087Z - info: [1:07:09 am] Reload for file change: C:\repos\nus-cs2103\cs2103-website-base\admin\appendixE-gitHub.md
2023-02-23T17:07:09.089Z - info: Synchronizing opened pages list before reload
2023-02-23T17:07:09.091Z - info: Current opened pages, from most-to-least recent:
2023-02-23T17:07:09.092Z - info: 1. admin/appendixE-gitHub
2023-02-23T17:07:10.109Z - info: Rebuilding 1 pages
2023-02-23T17:07:11.092Z - info: Site data built
2023-02-23T17:07:11.093Z - info: Pages rebuilt
2023-02-23T17:07:11.094Z - info: Website regeneration complete! Total build time: 0.985s
2023-02-23T17:07:46.876Z - info: Website generation started at 1:07:43 am
2023-02-23T17:07:59.949Z - info: Building assets...
2023-02-23T17:08:08.151Z - info: Assets built
2023-02-23T17:08:08.154Z - info: Generating pages...
2023-02-23T17:08:26.775Z - debug:  
2023-02-23T17:08:26.775Z - debug:  
2023-02-23T17:08:26.776Z - debug:  
2023-02-23T17:08:26.776Z - debug:  
2023-02-23T17:08:26.776Z - debug:  
2023-02-23T17:08:26.777Z - debug:  
2023-02-23T17:08:26.777Z - debug:  
2023-02-23T17:08:26.777Z - debug:  
2023-02-23T17:08:26.777Z - debug:  
2023-02-23T17:08:26.777Z - debug:  
2023-02-23T17:08:26.778Z - debug:  
2023-02-23T17:08:26.778Z - debug:  
2023-02-23T17:08:27.287Z - debug:  
2023-02-23T17:10:29.220Z - debug:  
2023-02-23T17:10:44.246Z - debug:  
2023-02-23T17:10:44.246Z - debug:  
2023-02-23T17:10:54.122Z - info: Pages built
2023-02-23T17:10:55.439Z - info: Site data built
2023-02-23T17:10:55.440Z - info: Website generation complete! Total build time: 191.686s
2023-02-23T17:10:55.440Z - info: Build success!
2023-02-23T17:13:27.755Z - info: The website has been deployed at: https://nus-cs2103-ay2223s2.github.io/website
