2023-04-02T05:07:44.652Z - info: Website generation (lazy) started at 1:07:38 pm
2023-04-02T05:07:56.729Z - info: Building assets...
2023-04-02T05:08:05.062Z - info: Assets built
2023-04-02T05:08:05.063Z - info: Generating landing page...
2023-04-02T05:08:06.055Z - info: Landing page built, other pages will be built as you navigate to them!
2023-04-02T05:08:07.136Z - info: Site data built
2023-04-02T05:08:07.136Z - info: Website generation (lazy) complete! Total build time: 28.479s
2023-04-02T05:08:08.033Z - info: Serving "C:\repos\nus-cs2103\cs2103-website-base\_site" at http://127.0.0.1:8080
2023-04-02T05:08:08.034Z - info: Press CTRL+C to stop ...
2023-04-02T05:11:08.830Z - info: Building C:\repos\nus-cs2103\cs2103-website-base\schedule\week12\project as some of its dependencies were changed since the last visit
2023-04-02T05:11:12.307Z - info: Site data built
2023-04-02T05:11:12.308Z - info: Lazy website regeneration complete! Total build time: 3.484s
2023-04-02T05:15:46.659Z - info: [1:15:46 pm] Reload for file change: C:\repos\nus-cs2103\cs2103-website-base\admin\tp-tasks-fragment.md
2023-04-02T05:15:46.660Z - info: Synchronizing opened pages list before reload
2023-04-02T05:15:46.661Z - info: Current opened pages, from most-to-least recent:
2023-04-02T05:15:46.661Z - info: 1. schedule/week12/project
2023-04-02T05:15:47.667Z - info: Rebuilding 1 pages
2023-04-02T05:15:50.269Z - info: Site data built
2023-04-02T05:15:50.270Z - info: Pages rebuilt
2023-04-02T05:15:50.270Z - info: Website regeneration complete! Total build time: 2.604s
2023-04-02T05:16:21.774Z - info: Website generation started at 1:16:19 pm
2023-04-02T05:16:33.226Z - info: Building assets...
2023-04-02T05:16:40.826Z - info: Assets built
2023-04-02T05:16:40.827Z - info: Generating pages...
2023-04-02T05:16:53.418Z - debug:  
2023-04-02T05:16:53.419Z - debug:  
2023-04-02T05:16:53.429Z - debug:  
2023-04-02T05:16:53.470Z - debug:  
2023-04-02T05:16:53.544Z - debug:  
2023-04-02T05:16:55.884Z - debug:  
2023-04-02T05:16:55.885Z - debug:  
2023-04-02T05:16:55.886Z - debug:  
2023-04-02T05:16:55.886Z - debug:  
2023-04-02T05:16:55.887Z - debug:  
2023-04-02T05:16:55.887Z - debug:  
2023-04-02T05:16:55.887Z - debug:  
2023-04-02T05:16:56.327Z - debug:  
2023-04-02T05:18:47.766Z - debug:  
2023-04-02T05:19:01.064Z - debug:  
2023-04-02T05:19:01.064Z - debug:  
2023-04-02T05:19:07.799Z - info: Pages built
2023-04-02T05:19:08.881Z - info: Site data built
2023-04-02T05:19:08.881Z - info: Website generation complete! Total build time: 168.969s
2023-04-02T05:19:08.881Z - info: Build success!
2023-04-02T05:24:25.714Z - info: The website has been deployed at: https://nus-cs2103-ay2223s2.github.io/website
2023-04-02T08:37:07.505Z - info: Website generation started at 4:37:02 pm
2023-04-02T08:37:22.607Z - info: Building assets...
2023-04-02T08:37:30.780Z - info: Assets built
2023-04-02T08:37:30.780Z - info: Generating pages...
2023-04-02T08:37:40.751Z - debug:  
2023-04-02T08:37:42.553Z - debug:  
2023-04-02T08:37:42.554Z - debug:  
2023-04-02T08:37:42.554Z - debug:  
2023-04-02T08:37:42.554Z - debug:  
2023-04-02T08:37:42.555Z - debug:  
2023-04-02T08:37:42.555Z - debug:  
2023-04-02T08:37:42.555Z - debug:  
2023-04-02T08:37:42.555Z - debug:  
2023-04-02T08:37:42.555Z - debug:  
2023-04-02T08:37:42.556Z - debug:  
2023-04-02T08:37:42.602Z - debug:  
2023-04-02T08:37:42.990Z - debug:  
2023-04-02T08:39:42.370Z - debug:  
2023-04-02T08:39:58.486Z - debug:  
2023-04-02T08:39:58.487Z - debug:  
2023-04-02T08:40:05.481Z - info: Pages built
2023-04-02T08:40:06.613Z - info: Site data built
2023-04-02T08:40:06.613Z - info: Website generation complete! Total build time: 184.195s
2023-04-02T08:40:06.614Z - info: Build success!
2023-04-02T08:42:05.318Z - info: The website has been deployed at: https://nus-cs2103-ay2223s2.github.io/website
2023-04-02T09:26:14.480Z - info: Website generation started at 5:26:09 pm
2023-04-02T09:26:27.569Z - info: Building assets...
2023-04-02T09:26:36.280Z - info: Assets built
2023-04-02T09:26:36.280Z - info: Generating pages...
2023-04-02T09:26:49.645Z - debug:  
2023-04-02T09:26:52.371Z - debug:  
2023-04-02T09:26:52.372Z - debug:  
2023-04-02T09:26:52.372Z - debug:  
2023-04-02T09:26:52.397Z - debug:  
2023-04-02T09:26:52.397Z - debug:  
2023-04-02T09:26:52.397Z - debug:  
2023-04-02T09:26:52.398Z - debug:  
2023-04-02T09:26:52.398Z - debug:  
2023-04-02T09:26:52.398Z - debug:  
2023-04-02T09:26:52.398Z - debug:  
2023-04-02T09:26:52.398Z - debug:  
2023-04-02T09:26:52.886Z - debug:  
2023-04-02T09:28:49.796Z - debug:  
2023-04-02T09:29:03.936Z - debug:  
2023-04-02T09:29:03.936Z - debug:  
2023-04-02T09:29:13.382Z - info: Pages built
2023-04-02T09:29:15.107Z - info: Site data built
2023-04-02T09:29:15.109Z - info: Website generation complete! Total build time: 185.658s
2023-04-02T09:29:15.109Z - info: Build success!
2023-04-02T09:31:30.558Z - info: The website has been deployed at: https://nus-cs2103-ay2223s2.github.io/website
