2023-02-20T16:01:17.032Z - info: Website generation (lazy) started at 12:01:08 am
2023-02-20T16:01:29.637Z - info: Building assets...
2023-02-20T16:01:38.907Z - info: Assets built
2023-02-20T16:01:38.908Z - info: Generating landing page...
2023-02-20T16:01:40.679Z - info: Landing page built, other pages will be built as you navigate to them!
2023-02-20T16:01:41.820Z - info: Site data built
2023-02-20T16:01:41.821Z - info: Website generation (lazy) complete! Total build time: 33.58s
2023-02-20T16:01:42.798Z - info: Serving "C:\repos\nus-cs2103\cs2103-website-base\_site" at http://127.0.0.1:8080
2023-02-20T16:01:42.800Z - info: Press CTRL+C to stop ...
2023-02-20T16:02:08.356Z - info: Building C:\repos\nus-cs2103\cs2103-website-base\admin\mid-semester-survey-results as some of its dependencies were changed since the last visit
2023-02-20T16:02:08.917Z - info: Site data built
2023-02-20T16:02:08.918Z - info: Lazy website regeneration complete! Total build time: 0.562s
2023-02-20T16:03:31.684Z - info: [12:03:31 am] Reload for file change: C:\repos\nus-cs2103\cs2103-website-base\_module-CS2103\mid-semester-survey-results.md
2023-02-20T16:03:31.684Z - info: Synchronizing opened pages list before reload
2023-02-20T16:03:31.685Z - info: Current opened pages, from most-to-least recent:
2023-02-20T16:03:31.685Z - info: 1. admin/mid-semester-survey-results
2023-02-20T16:03:32.694Z - info: Rebuilding 1 pages
2023-02-20T16:03:33.025Z - info: Site data built
2023-02-20T16:03:33.025Z - info: Pages rebuilt
2023-02-20T16:03:33.025Z - info: Website regeneration complete! Total build time: 0.334s
2023-02-20T16:03:42.772Z - info: [12:03:42 am] Reload for file change: C:\repos\nus-cs2103\cs2103-website-base\_module-CS2103\mid-semester-survey-results.md
2023-02-20T16:03:42.772Z - info: Synchronizing opened pages list before reload
2023-02-20T16:03:42.772Z - info: Current opened pages, from most-to-least recent:
2023-02-20T16:03:42.773Z - info: 1. admin/mid-semester-survey-results
2023-02-20T16:03:43.789Z - info: Rebuilding 1 pages
2023-02-20T16:03:43.939Z - info: Site data built
2023-02-20T16:03:43.939Z - info: Pages rebuilt
2023-02-20T16:03:43.939Z - info: Website regeneration complete! Total build time: 0.151s
2023-02-20T16:04:21.181Z - info: [12:04:21 am] Reload for file change: C:\repos\nus-cs2103\cs2103-website-base\_module-CS2103\mid-semester-survey-results.md
2023-02-20T16:04:21.181Z - info: Synchronizing opened pages list before reload
2023-02-20T16:04:21.181Z - info: Current opened pages, from most-to-least recent:
2023-02-20T16:04:21.182Z - info: 1. admin/mid-semester-survey-results
2023-02-20T16:04:22.188Z - info: Rebuilding 1 pages
2023-02-20T16:04:22.375Z - info: Site data built
2023-02-20T16:04:22.375Z - info: Pages rebuilt
2023-02-20T16:04:22.376Z - info: Website regeneration complete! Total build time: 0.19s
2023-02-20T16:23:07.630Z - info: [12:23:07 am] Reload for file change: C:\repos\nus-cs2103\cs2103-website-base\_module-CS2103\mid-semester-survey-results.md
2023-02-20T16:23:07.630Z - info: Synchronizing opened pages list before reload
2023-02-20T16:23:07.630Z - info: Current opened pages, from most-to-least recent:
2023-02-20T16:23:07.630Z - info: 1. admin/mid-semester-survey-results
2023-02-20T16:23:08.644Z - info: Rebuilding 1 pages
2023-02-20T16:23:08.932Z - info: Site data built
2023-02-20T16:23:08.933Z - info: Pages rebuilt
2023-02-20T16:23:08.933Z - info: Website regeneration complete! Total build time: 0.29s
2023-02-20T16:31:01.207Z - info: [12:31:01 am] Reload for file change: C:\repos\nus-cs2103\cs2103-website-base\_module-CS2103\mid-semester-survey-results.md
2023-02-20T16:31:01.208Z - info: Synchronizing opened pages list before reload
2023-02-20T16:31:01.208Z - info: Current opened pages, from most-to-least recent:
2023-02-20T16:31:01.209Z - info: 1. admin/mid-semester-survey-results
2023-02-20T16:31:02.214Z - info: Rebuilding 1 pages
2023-02-20T16:31:02.383Z - info: Site data built
2023-02-20T16:31:02.383Z - info: Pages rebuilt
2023-02-20T16:31:02.383Z - info: Website regeneration complete! Total build time: 0.17s
2023-02-20T16:35:58.097Z - info: [12:35:58 am] Reload for file change: C:\repos\nus-cs2103\cs2103-website-base\_module-CS2103\mid-semester-survey-results.md
2023-02-20T16:35:58.097Z - info: Synchronizing opened pages list before reload
2023-02-20T16:35:58.097Z - info: Current opened pages, from most-to-least recent:
2023-02-20T16:35:58.097Z - info: 1. admin/mid-semester-survey-results
2023-02-20T16:35:59.114Z - info: Rebuilding 1 pages
2023-02-20T16:35:59.310Z - info: Site data built
2023-02-20T16:35:59.311Z - info: Pages rebuilt
2023-02-20T16:35:59.311Z - info: Website regeneration complete! Total build time: 0.198s
2023-02-20T17:00:52.703Z - info: [1:00:52 am] Reload for file change: C:\repos\nus-cs2103\cs2103-website-base\_module-CS2103\mid-semester-survey-results.md
2023-02-20T17:00:52.703Z - info: Synchronizing opened pages list before reload
2023-02-20T17:00:52.704Z - info: Current opened pages, from most-to-least recent:
2023-02-20T17:00:52.704Z - info: 1. admin/mid-semester-survey-results
2023-02-20T17:00:53.725Z - info: Rebuilding 1 pages
2023-02-20T17:00:53.974Z - info: Site data built
2023-02-20T17:00:53.974Z - info: Pages rebuilt
2023-02-20T17:00:53.974Z - info: Website regeneration complete! Total build time: 0.25s
2023-02-20T17:03:40.363Z - info: [1:03:40 am] Reload for file change: C:\repos\nus-cs2103\cs2103-website-base\_module-CS2103\mid-semester-survey-results.md
2023-02-20T17:03:40.363Z - info: Synchronizing opened pages list before reload
2023-02-20T17:03:40.363Z - info: Current opened pages, from most-to-least recent:
2023-02-20T17:03:40.364Z - info: 1. admin/mid-semester-survey-results
2023-02-20T17:03:41.380Z - info: Rebuilding 1 pages
2023-02-20T17:03:41.544Z - info: Site data built
2023-02-20T17:03:41.544Z - info: Pages rebuilt
2023-02-20T17:03:41.544Z - info: Website regeneration complete! Total build time: 0.164s
2023-02-20T17:07:39.597Z - info: [1:07:39 am] Reload for file change: C:\repos\nus-cs2103\cs2103-website-base\_module-CS2103\mid-semester-survey-results.md
2023-02-20T17:07:39.597Z - info: Synchronizing opened pages list before reload
2023-02-20T17:07:39.597Z - info: Current opened pages, from most-to-least recent:
2023-02-20T17:07:39.597Z - info: 1. admin/mid-semester-survey-results
2023-02-20T17:07:40.609Z - info: Rebuilding 1 pages
2023-02-20T17:07:40.732Z - info: Site data built
2023-02-20T17:07:40.732Z - info: Pages rebuilt
2023-02-20T17:07:40.732Z - info: Website regeneration complete! Total build time: 0.125s
2023-02-20T17:25:22.098Z - info: Building C:\repos\nus-cs2103\cs2103-website-base\admin\teamList as some of its dependencies were changed since the last visit
2023-02-20T17:25:23.437Z - info: Site data built
2023-02-20T17:25:23.437Z - info: Lazy website regeneration complete! Total build time: 1.34s
2023-02-20T17:26:37.765Z - info: [1:26:37 am] Reload for file change: C:\repos\nus-cs2103\cs2103-website-base\_module-CS2103\studentData-fragment.md
2023-02-20T17:26:37.765Z - info: Synchronizing opened pages list before reload
2023-02-20T17:26:37.766Z - info: Current opened pages, from most-to-least recent:
2023-02-20T17:26:37.766Z - info: 1. admin/teamList
2023-02-20T17:26:38.781Z - info: Rebuilding 1 pages
2023-02-20T17:26:40.425Z - info: Site data built
2023-02-20T17:26:40.425Z - info: Pages rebuilt
2023-02-20T17:26:40.426Z - info: Website regeneration complete! Total build time: 1.647s
2023-02-20T17:28:38.328Z - info: Website generation started at 1:28:36 am
2023-02-20T17:28:51.180Z - info: Building assets...
2023-02-20T17:28:59.791Z - info: Assets built
2023-02-20T17:28:59.794Z - info: Generating pages...
2023-02-20T17:29:18.995Z - debug:  
2023-02-20T17:29:18.996Z - debug:  
2023-02-20T17:29:18.996Z - debug:  
2023-02-20T17:29:19.000Z - debug:  
2023-02-20T17:29:19.000Z - debug:  
2023-02-20T17:29:19.001Z - debug:  
2023-02-20T17:29:19.002Z - debug:  
2023-02-20T17:29:19.003Z - debug:  
2023-02-20T17:29:19.003Z - debug:  
2023-02-20T17:29:19.004Z - debug:  
2023-02-20T17:29:19.004Z - debug:  
2023-02-20T17:29:19.004Z - debug:  
2023-02-20T17:29:19.547Z - debug:  
2023-02-20T17:31:04.326Z - debug:  
2023-02-20T17:31:18.845Z - debug:  
2023-02-20T17:31:18.846Z - debug:  
2023-02-20T17:31:25.443Z - info: Pages built
2023-02-20T17:31:26.563Z - info: Site data built
2023-02-20T17:31:26.564Z - info: Website generation complete! Total build time: 170.533s
2023-02-20T17:31:26.564Z - info: Build success!
2023-02-20T17:34:30.780Z - info: The website has been deployed at: https://nus-cs2103-ay2223s2.github.io/website
2023-02-21T12:18:32.022Z - info: Website generation (lazy) started at 8:18:26 pm
2023-02-21T12:18:45.030Z - info: Building assets...
2023-02-21T12:18:53.056Z - info: Assets built
2023-02-21T12:18:53.056Z - info: Generating landing page...
2023-02-21T12:18:53.764Z - info: Landing page built, other pages will be built as you navigate to them!
2023-02-21T12:18:54.821Z - info: Site data built
2023-02-21T12:18:54.821Z - info: Website generation (lazy) complete! Total build time: 28.003s
2023-02-21T12:18:55.786Z - info: Serving "C:\repos\nus-cs2103\cs2103-website-base\_site" at http://127.0.0.1:8080
2023-02-21T12:18:55.787Z - info: Press CTRL+C to stop ...
2023-02-21T12:19:29.369Z - info: Building C:\repos\nus-cs2103\cs2103-website-base\schedule\week5\index as some of its dependencies were changed since the last visit
2023-02-21T12:19:29.867Z - info: Site data built
2023-02-21T12:19:29.868Z - info: Lazy website regeneration complete! Total build time: 0.503s
2023-02-21T12:19:33.162Z - info: Building C:\repos\nus-cs2103\cs2103-website-base\schedule\week5\topics-py as some of its dependencies were changed since the last visit
2023-02-21T12:19:34.308Z - info: Site data built
2023-02-21T12:19:34.309Z - info: Lazy website regeneration complete! Total build time: 1.148s
2023-02-21T12:20:13.481Z - info: [8:20:13 pm] Reload for file change: C:\repos\nus-cs2103\cs2103-website-base\programming\strings-workingWith\e-shortenString.md
2023-02-21T12:20:13.481Z - info: Synchronizing opened pages list before reload
2023-02-21T12:20:13.482Z - info: Current opened pages, from most-to-least recent:
2023-02-21T12:20:13.482Z - info: 1. schedule/week5/topics-py
2023-02-21T12:20:14.504Z - info: Rebuilding 1 pages
2023-02-21T12:20:15.474Z - info: Site data built
2023-02-21T12:20:15.475Z - info: Pages rebuilt
2023-02-21T12:20:15.475Z - info: Website regeneration complete! Total build time: 0.972s
2023-02-21T12:20:21.864Z - info: [8:20:21 pm] Reload for file change: C:\repos\nus-cs2103\cs2103-website-base\programming\strings-workingWith\e-shortenString.md
2023-02-21T12:20:21.864Z - info: Synchronizing opened pages list before reload
2023-02-21T12:20:21.864Z - info: Current opened pages, from most-to-least recent:
2023-02-21T12:20:21.865Z - info: 1. schedule/week5/topics-py
2023-02-21T12:20:22.867Z - info: Rebuilding 1 pages
2023-02-21T12:20:23.528Z - info: Site data built
2023-02-21T12:20:23.529Z - info: Pages rebuilt
2023-02-21T12:20:23.529Z - info: Website regeneration complete! Total build time: 0.662s
2023-02-21T12:20:33.549Z - info: [8:20:33 pm] Reload for file change: C:\repos\nus-cs2103\cs2103-website-base\programming\strings-workingWith\e-shortenString.md
2023-02-21T12:20:33.550Z - info: Synchronizing opened pages list before reload
2023-02-21T12:20:33.550Z - info: Current opened pages, from most-to-least recent:
2023-02-21T12:20:33.551Z - info: 1. schedule/week5/topics-py
2023-02-21T12:20:34.559Z - info: Rebuilding 1 pages
2023-02-21T12:20:35.418Z - info: Site data built
2023-02-21T12:20:35.419Z - info: Pages rebuilt
2023-02-21T12:20:35.419Z - info: Website regeneration complete! Total build time: 0.861s
2023-02-21T12:21:00.879Z - info: [8:21:00 pm] Reload for file change: C:\repos\nus-cs2103\cs2103-website-base\programming\strings-workingWith\e-shortenString.md
2023-02-21T12:21:00.880Z - info: Synchronizing opened pages list before reload
2023-02-21T12:21:00.880Z - info: Current opened pages, from most-to-least recent:
2023-02-21T12:21:00.881Z - info: 1. schedule/week5/topics-py
2023-02-21T12:21:01.884Z - info: Rebuilding 1 pages
2023-02-21T12:21:02.748Z - info: Site data built
2023-02-21T12:21:02.749Z - info: Pages rebuilt
2023-02-21T12:21:02.749Z - info: Website regeneration complete! Total build time: 0.866s
2023-02-21T12:21:28.024Z - info: [8:21:28 pm] Reload for file change: C:\repos\nus-cs2103\cs2103-website-base\programming\strings-workingWith\e-shortenString.md
2023-02-21T12:21:28.025Z - info: Synchronizing opened pages list before reload
2023-02-21T12:21:28.025Z - info: Current opened pages, from most-to-least recent:
2023-02-21T12:21:28.025Z - info: 1. schedule/week5/topics-py
2023-02-21T12:21:29.045Z - info: Rebuilding 1 pages
2023-02-21T12:21:29.871Z - info: Site data built
2023-02-21T12:21:29.871Z - info: Pages rebuilt
2023-02-21T12:21:29.871Z - info: Website regeneration complete! Total build time: 0.828s
2023-02-21T12:21:41.567Z - info: [8:21:41 pm] Reload for file change: C:\repos\nus-cs2103\cs2103-website-base\programming\strings-workingWith\e-shortenString.md
2023-02-21T12:21:41.568Z - info: Synchronizing opened pages list before reload
2023-02-21T12:21:41.568Z - info: Current opened pages, from most-to-least recent:
2023-02-21T12:21:41.568Z - info: 1. schedule/week5/topics-py
2023-02-21T12:21:42.587Z - info: Rebuilding 1 pages
2023-02-21T12:21:43.302Z - info: Site data built
2023-02-21T12:21:43.302Z - info: Pages rebuilt
2023-02-21T12:21:43.302Z - info: Website regeneration complete! Total build time: 0.716s
2023-02-21T12:21:49.088Z - info: [8:21:49 pm] Reload for file change: C:\repos\nus-cs2103\cs2103-website-base\programming\strings-workingWith\e-shortenString.md
2023-02-21T12:21:49.088Z - info: Synchronizing opened pages list before reload
2023-02-21T12:21:49.089Z - info: Current opened pages, from most-to-least recent:
2023-02-21T12:21:49.089Z - info: 1. schedule/week5/topics-py
2023-02-21T12:21:50.102Z - info: Rebuilding 1 pages
2023-02-21T12:21:50.650Z - info: Site data built
2023-02-21T12:21:50.650Z - info: Pages rebuilt
2023-02-21T12:21:50.650Z - info: Website regeneration complete! Total build time: 0.549s
2023-02-21T12:22:24.074Z - info: [8:22:24 pm] Reload for file change: C:\repos\nus-cs2103\cs2103-website-base\programming\strings-workingWith\e-shortenString.md
2023-02-21T12:22:24.075Z - info: Synchronizing opened pages list before reload
2023-02-21T12:22:24.076Z - info: Current opened pages, from most-to-least recent:
2023-02-21T12:22:24.076Z - info: 1. schedule/week5/topics-py
2023-02-21T12:22:25.078Z - info: Rebuilding 1 pages
2023-02-21T12:22:25.963Z - info: Site data built
2023-02-21T12:22:25.963Z - info: Pages rebuilt
2023-02-21T12:22:25.963Z - info: Website regeneration complete! Total build time: 0.886s
2023-02-21T12:22:42.285Z - info: [8:22:42 pm] Reload for file change: C:\repos\nus-cs2103\cs2103-website-base\programming\strings-workingWith\e-shortenString.md
2023-02-21T12:22:42.286Z - info: Synchronizing opened pages list before reload
2023-02-21T12:22:42.286Z - info: Current opened pages, from most-to-least recent:
2023-02-21T12:22:42.286Z - info: 1. schedule/week5/topics-py
2023-02-21T12:22:43.301Z - info: Rebuilding 1 pages
2023-02-21T12:22:43.985Z - info: Site data built
2023-02-21T12:22:43.985Z - info: Pages rebuilt
2023-02-21T12:22:43.986Z - info: Website regeneration complete! Total build time: 0.685s
2023-02-21T12:23:02.357Z - info: [8:23:02 pm] Reload for file change: C:\repos\nus-cs2103\cs2103-website-base\programming\strings-workingWith\e-shortenString.md
2023-02-21T12:23:02.358Z - info: Synchronizing opened pages list before reload
2023-02-21T12:23:02.358Z - info: Current opened pages, from most-to-least recent:
2023-02-21T12:23:02.359Z - info: 1. schedule/week5/topics-py
2023-02-21T12:23:03.371Z - info: Rebuilding 1 pages
2023-02-21T12:23:04.175Z - info: Site data built
2023-02-21T12:23:04.176Z - info: Pages rebuilt
2023-02-21T12:23:04.176Z - info: Website regeneration complete! Total build time: 0.805s
2023-02-21T12:23:17.826Z - info: [8:23:17 pm] Reload for file change: C:\repos\nus-cs2103\cs2103-website-base\programming\strings-workingWith\e-shortenString.md
2023-02-21T12:23:17.827Z - info: Synchronizing opened pages list before reload
2023-02-21T12:23:17.827Z - info: Current opened pages, from most-to-least recent:
2023-02-21T12:23:17.827Z - info: 1. schedule/week5/topics-py
2023-02-21T12:23:18.836Z - info: Rebuilding 1 pages
2023-02-21T12:23:19.397Z - info: Site data built
2023-02-21T12:23:19.397Z - info: Pages rebuilt
2023-02-21T12:23:19.398Z - info: Website regeneration complete! Total build time: 0.562s
2023-02-21T12:23:35.677Z - info: [8:23:35 pm] Reload for file change: C:\repos\nus-cs2103\cs2103-website-base\programming\strings-workingWith\e-shortenString.md
2023-02-21T12:23:35.679Z - info: Synchronizing opened pages list before reload
2023-02-21T12:23:35.679Z - info: Current opened pages, from most-to-least recent:
2023-02-21T12:23:35.679Z - info: 1. schedule/week5/topics-py
2023-02-21T12:23:36.694Z - info: Rebuilding 1 pages
2023-02-21T12:23:37.505Z - info: Site data built
2023-02-21T12:23:37.505Z - info: Pages rebuilt
2023-02-21T12:23:37.505Z - info: Website regeneration complete! Total build time: 0.811s
2023-02-21T12:24:33.470Z - info: Building C:\repos\nus-cs2103\cs2103-website-base\schedule\week6\topics-py as some of its dependencies were changed since the last visit
2023-02-21T12:24:34.274Z - info: Site data built
2023-02-21T12:24:34.275Z - info: Lazy website regeneration complete! Total build time: 0.805s
2023-02-21T12:25:30.280Z - info: Website generation started at 8:25:28 pm
2023-02-21T12:25:41.709Z - info: Building assets...
2023-02-21T12:25:49.554Z - info: Assets built
2023-02-21T12:25:49.555Z - info: Generating pages...
2023-02-21T12:26:00.822Z - debug:  
2023-02-21T12:26:00.823Z - debug:  
2023-02-21T12:26:00.823Z - debug:  
2023-02-21T12:26:00.824Z - debug:  
2023-02-21T12:26:01.365Z - debug:  
2023-02-21T12:26:01.366Z - debug:  
2023-02-21T12:26:01.595Z - debug:  
2023-02-21T12:26:01.595Z - debug:  
2023-02-21T12:26:05.906Z - debug:  
2023-02-21T12:26:05.913Z - debug:  
2023-02-21T12:26:07.389Z - debug:  
2023-02-21T12:26:21.434Z - debug:  
2023-02-21T12:26:36.133Z - debug:  
2023-02-21T12:27:17.981Z - info: Pages built
2023-02-21T12:27:19.030Z - info: Site data built
2023-02-21T12:27:19.030Z - info: Website generation complete! Total build time: 110.374s
2023-02-21T12:27:19.031Z - info: Build success!
2023-02-21T12:29:37.078Z - info: The website has been deployed at: https://nus-tee3201.github.io/2023
