2023-01-11T06:25:44.094Z - info: Website generation (lazy) started at 2:25:37 pm
2023-01-11T06:25:55.915Z - info: Building assets...
2023-01-11T06:26:04.151Z - info: Assets built
2023-01-11T06:26:04.152Z - info: Generating landing page...
2023-01-11T06:26:05.322Z - info: Landing page built, other pages will be built as you navigate to them!
2023-01-11T06:26:06.850Z - info: Site data built
2023-01-11T06:26:06.850Z - info: Website generation (lazy) complete! Total build time: 29.109s
2023-01-11T06:26:07.876Z - info: Serving "C:\repos\nus-cs2103\cs2103-website-base\_site" at http://127.0.0.1:8080
2023-01-11T06:26:07.876Z - info: Press CTRL+C to stop ...
2023-01-11T06:26:28.779Z - info: Building C:\repos\nus-cs2103\cs2103-website-base\schedule\week2\index as some of its dependencies were changed since the last visit
2023-01-11T06:26:29.733Z - info: Site data built
2023-01-11T06:26:29.734Z - info: Lazy website regeneration complete! Total build time: 0.957s
2023-01-11T06:27:48.081Z - info: Building C:\repos\nus-cs2103\cs2103-website-base\schedule\week2\project as some of its dependencies were changed since the last visit
2023-01-11T06:27:50.516Z - info: Site data built
2023-01-11T06:27:50.516Z - info: Lazy website regeneration complete! Total build time: 2.436s
2023-01-11T06:29:16.489Z - info: Website generation started at 2:29:14 pm
2023-01-11T06:29:27.337Z - info: Building assets...
2023-01-11T06:29:35.338Z - info: Assets built
2023-01-11T06:29:35.338Z - info: Generating pages...
2023-01-11T06:29:48.190Z - debug:  
2023-01-11T06:29:48.191Z - debug:  
2023-01-11T06:29:54.941Z - debug:  
2023-01-11T06:29:54.942Z - debug:  
2023-01-11T06:29:54.942Z - debug:  
2023-01-11T06:29:54.943Z - debug:  
2023-01-11T06:29:54.944Z - debug:  
2023-01-11T06:29:54.944Z - debug:  
2023-01-11T06:29:54.944Z - debug:  
2023-01-11T06:29:54.945Z - debug:  
2023-01-11T06:29:54.946Z - debug:  
2023-01-11T06:29:54.946Z - debug:  
2023-01-11T06:29:55.177Z - debug:  
2023-01-11T06:31:36.344Z - debug:  
2023-01-11T06:31:45.711Z - debug:  
2023-01-11T06:31:45.829Z - debug:  
2023-01-11T06:31:48.664Z - info: Pages built
2023-01-11T06:31:49.674Z - info: Site data built
2023-01-11T06:31:49.674Z - info: Website generation complete! Total build time: 155.05s
2023-01-11T06:31:49.674Z - info: Build success!
2023-01-11T06:36:54.343Z - info: The website has been deployed at: https://nus-tic4002-ay2223s2.github.io/website
2023-01-11T14:19:46.452Z - info: Website generation (lazy) started at 10:19:41 pm
2023-01-11T14:19:56.969Z - info: Building assets...
2023-01-11T14:20:04.994Z - info: Assets built
2023-01-11T14:20:04.995Z - info: Generating landing page...
2023-01-11T14:20:07.350Z - info: Landing page built, other pages will be built as you navigate to them!
2023-01-11T14:20:08.447Z - info: Site data built
2023-01-11T14:20:08.447Z - info: Website generation (lazy) complete! Total build time: 26.581s
2023-01-11T14:20:09.353Z - info: Serving "C:\repos\nus-cs2103\cs2103-website-base\_site" at http://127.0.0.1:8080
2023-01-11T14:20:09.354Z - info: Press CTRL+C to stop ...
2023-01-11T14:20:43.263Z - info: Website generation started at 10:20:41 pm
2023-01-11T14:20:53.930Z - info: Building assets...
