2023-04-04T16:11:08.386Z - info: Website generation (lazy) started at 12:11:04 am
2023-04-04T16:11:19.765Z - info: Building assets...
2023-04-04T16:11:27.107Z - info: Assets built
2023-04-04T16:11:27.108Z - info: Generating landing page...
2023-04-04T16:11:28.078Z - info: Landing page built, other pages will be built as you navigate to them!
2023-04-04T16:11:29.044Z - info: Site data built
2023-04-04T16:11:29.044Z - info: Website generation (lazy) complete! Total build time: 25.025s
2023-04-04T16:11:29.931Z - info: Serving "C:\repos\nus-cs2103\cs2103-website-base\_site" at http://127.0.0.1:8080
2023-04-04T16:11:29.931Z - info: Press CTRL+C to stop ...
2023-04-04T16:27:54.887Z - info: Building C:\repos\nus-cs2103\cs2103-website-base\admin\index as some of its dependencies were changed since the last visit
2023-04-04T16:27:55.644Z - info: Site data built
2023-04-04T16:27:55.645Z - info: Lazy website regeneration complete! Total build time: 0.758s
2023-04-04T16:27:59.988Z - info: Building C:\repos\nus-cs2103\cs2103-website-base\admin\exams as some of its dependencies were changed since the last visit
2023-04-04T16:28:00.321Z - info: Site data built
2023-04-04T16:28:00.322Z - info: Lazy website regeneration complete! Total build time: 0.335s
2023-04-04T16:40:07.198Z - info: [12:40:07 am] Reload for file change: C:\repos\nus-cs2103\cs2103-website-base\admin\exams.md
2023-04-04T16:40:07.198Z - info: Synchronizing opened pages list before reload
2023-04-04T16:40:07.199Z - info: Current opened pages, from most-to-least recent:
2023-04-04T16:40:07.199Z - info: 1. admin/exams
2023-04-04T16:40:08.212Z - info: Rebuilding 1 pages
2023-04-04T16:40:08.420Z - info: Site data built
2023-04-04T16:40:08.421Z - info: Pages rebuilt
2023-04-04T16:40:08.421Z - info: Website regeneration complete! Total build time: 0.21s
2023-04-04T16:41:03.102Z - info: [12:41:03 am] Reload for file change: C:\repos\nus-cs2103\cs2103-website-base\admin\exams.md
2023-04-04T16:41:03.102Z - info: Synchronizing opened pages list before reload
2023-04-04T16:41:03.102Z - info: Current opened pages, from most-to-least recent:
2023-04-04T16:41:03.102Z - info: 1. admin/exams
2023-04-04T16:41:04.109Z - info: Rebuilding 1 pages
2023-04-04T16:41:04.316Z - info: Site data built
2023-04-04T16:41:04.316Z - info: Pages rebuilt
2023-04-04T16:41:04.316Z - info: Website regeneration complete! Total build time: 0.208s
2023-04-04T16:43:02.820Z - info: [12:43:02 am] Reload for file change: C:\repos\nus-cs2103\cs2103-website-base\admin\exams.md
2023-04-04T16:43:02.820Z - info: Synchronizing opened pages list before reload
2023-04-04T16:43:02.820Z - info: Current opened pages, from most-to-least recent:
2023-04-04T16:43:02.820Z - info: 1. admin/exams
2023-04-04T16:43:03.832Z - info: Rebuilding 1 pages
2023-04-04T16:43:04.129Z - info: Site data built
2023-04-04T16:43:04.129Z - info: Pages rebuilt
2023-04-04T16:43:04.129Z - info: Website regeneration complete! Total build time: 0.298s
2023-04-04T16:46:26.198Z - info: [12:46:26 am] Reload for file change: C:\repos\nus-cs2103\cs2103-website-base\admin\exams.md
2023-04-04T16:46:26.199Z - info: Synchronizing opened pages list before reload
2023-04-04T16:46:26.200Z - info: Current opened pages, from most-to-least recent:
2023-04-04T16:46:26.200Z - info: 1. admin/exams
2023-04-04T16:46:27.207Z - info: Rebuilding 1 pages
2023-04-04T16:46:27.506Z - info: Site data built
2023-04-04T16:46:27.506Z - info: Pages rebuilt
2023-04-04T16:46:27.506Z - info: Website regeneration complete! Total build time: 0.3s
2023-04-04T16:49:28.767Z - info: [12:49:28 am] Reload for file change: C:\repos\nus-cs2103\cs2103-website-base\admin\exams.md
2023-04-04T16:49:28.768Z - info: Synchronizing opened pages list before reload
2023-04-04T16:49:28.768Z - info: Current opened pages, from most-to-least recent:
2023-04-04T16:49:28.768Z - info: 1. admin/exams
2023-04-04T16:49:29.780Z - info: Rebuilding 1 pages
2023-04-04T16:49:30.071Z - info: Site data built
2023-04-04T16:49:30.071Z - info: Pages rebuilt
2023-04-04T16:49:30.071Z - info: Website regeneration complete! Total build time: 0.292s
2023-04-04T17:06:07.130Z - info: Website generation started at 1:06:04 am
2023-04-04T17:06:23.338Z - info: Building assets...
2023-04-04T17:06:33.335Z - info: Assets built
2023-04-04T17:06:33.336Z - info: Generating pages...
2023-04-04T17:06:56.333Z - debug:  
2023-04-04T17:06:56.333Z - debug:  
2023-04-04T17:06:56.334Z - debug:  
2023-04-04T17:06:56.335Z - debug:  
2023-04-04T17:06:56.354Z - debug:  
2023-04-04T17:06:56.354Z - debug:  
2023-04-04T17:06:56.355Z - debug:  
2023-04-04T17:06:56.355Z - debug:  
2023-04-04T17:06:56.355Z - debug:  
2023-04-04T17:06:56.356Z - debug:  
2023-04-04T17:06:56.356Z - debug:  
2023-04-04T17:06:56.356Z - debug:  
2023-04-04T17:06:57.178Z - debug:  
2023-04-04T17:09:07.073Z - debug:  
2023-04-04T17:09:20.836Z - debug:  
2023-04-04T17:09:20.836Z - debug:  
2023-04-04T17:09:27.690Z - info: Pages built
2023-04-04T17:09:28.764Z - info: Site data built
2023-04-04T17:09:28.764Z - info: Website generation complete! Total build time: 204.748s
2023-04-04T17:09:28.764Z - info: Build success!
2023-04-04T17:11:17.653Z - info: The website has been deployed at: https://nus-cs2103-ay2223s2.github.io/website
2023-04-04T17:25:04.134Z - info: Website generation (lazy) started at 1:24:53 am
2023-04-04T17:25:16.916Z - info: Building assets...
2023-04-04T17:25:25.079Z - info: Assets built
2023-04-04T17:25:25.080Z - info: Generating landing page...
2023-04-04T17:25:25.766Z - info: Landing page built, other pages will be built as you navigate to them!
2023-04-04T17:25:26.848Z - info: Site data built
2023-04-04T17:25:26.849Z - info: Website generation (lazy) complete! Total build time: 33.437s
2023-04-04T17:25:27.811Z - info: Serving "C:\repos\nus-cs2103\cs2103-website-base\_site" at http://127.0.0.1:8080
2023-04-04T17:25:27.812Z - info: Press CTRL+C to stop ...
2023-04-04T17:28:08.381Z - info: Building C:\repos\nus-cs2103\cs2103-website-base\admin\index as some of its dependencies were changed since the last visit
2023-04-04T17:28:10.716Z - info: Site data built
2023-04-04T17:28:10.717Z - info: Lazy website regeneration complete! Total build time: 2.339s
2023-04-04T17:32:13.192Z - info: [1:32:13 am] Reload for file change: C:\repos\nus-cs2103\cs2103-website-base\admin\exams-f2f.md
2023-04-04T17:32:13.193Z - info: Synchronizing opened pages list before reload
2023-04-04T17:32:13.195Z - info: Current opened pages, from most-to-least recent:
2023-04-04T17:32:13.196Z - info: 1. admin/index
2023-04-04T17:32:14.207Z - info: Rebuilding 1 pages
2023-04-04T17:32:15.603Z - info: Site data built
2023-04-04T17:32:15.604Z - info: Pages rebuilt
2023-04-04T17:32:15.604Z - info: Website regeneration complete! Total build time: 1.398s
2023-04-04T17:33:13.068Z - info: [1:33:13 am] Reload for file change: C:\repos\nus-cs2103\cs2103-website-base\admin\exams-f2f.md
2023-04-04T17:33:13.069Z - info: Synchronizing opened pages list before reload
2023-04-04T17:33:13.070Z - info: Current opened pages, from most-to-least recent:
2023-04-04T17:33:13.070Z - info: 1. admin/index
2023-04-04T17:33:14.076Z - info: Rebuilding 1 pages
2023-04-04T17:33:15.413Z - info: Site data built
2023-04-04T17:33:15.414Z - info: Pages rebuilt
2023-04-04T17:33:15.414Z - info: Website regeneration complete! Total build time: 1.339s
2023-04-04T17:34:26.339Z - info: Website generation started at 1:34:24 am
2023-04-04T17:34:37.006Z - info: Building assets...
2023-04-04T17:34:45.309Z - info: Assets built
2023-04-04T17:34:45.311Z - info: Generating pages...
2023-04-04T17:35:01.384Z - debug:  
2023-04-04T17:35:01.384Z - debug:  
2023-04-04T17:35:01.386Z - debug:  
2023-04-04T17:35:01.388Z - debug:  
2023-04-04T17:35:02.276Z - debug:  
2023-04-04T17:35:02.277Z - debug:  
2023-04-04T17:35:02.277Z - debug:  
2023-04-04T17:35:02.278Z - debug:  
2023-04-04T17:35:11.373Z - debug:  
2023-04-04T17:35:11.375Z - debug:  
2023-04-04T17:35:13.807Z - debug:  
2023-04-04T17:35:30.551Z - debug:  
2023-04-04T17:35:47.613Z - debug:  
2023-04-04T17:36:27.125Z - info: Pages built
2023-04-04T17:36:28.133Z - info: Site data built
2023-04-04T17:36:28.133Z - info: Website generation complete! Total build time: 123.615s
2023-04-04T17:36:28.134Z - info: Build success!
2023-04-04T17:38:13.508Z - info: The website has been deployed at: https://nus-tee3201.github.io/2023
2023-04-04T18:04:21.168Z - info: Website generation (lazy) started at 2:04:16 am
2023-04-04T18:04:34.795Z - info: Building assets...
2023-04-04T18:04:44.003Z - info: Assets built
2023-04-04T18:04:44.004Z - info: Generating landing page...
2023-04-04T18:04:44.922Z - info: Landing page built, other pages will be built as you navigate to them!
2023-04-04T18:04:46.173Z - info: Site data built
2023-04-04T18:04:46.173Z - info: Website generation (lazy) complete! Total build time: 29.889s
2023-04-04T18:04:47.392Z - info: Serving "C:\repos\nus-cs2103\cs2103-website-base\_site" at http://127.0.0.1:8080
2023-04-04T18:04:47.393Z - info: Press CTRL+C to stop ...
2023-04-04T18:05:15.612Z - info: Building C:\repos\nus-cs2103\cs2103-website-base\admin\index as some of its dependencies were changed since the last visit
2023-04-04T18:05:18.403Z - info: Site data built
2023-04-04T18:05:18.405Z - info: Lazy website regeneration complete! Total build time: 2.793s
2023-04-04T18:08:28.096Z - info: Website generation started at 2:08:26 am
2023-04-04T18:08:39.028Z - info: Building assets...
