2023-04-02T17:58:01.018Z - info: Website generation (lazy) started at 1:57:54 am
2023-04-02T17:58:14.005Z - info: Building assets...
2023-04-02T17:58:22.158Z - info: Assets built
2023-04-02T17:58:22.159Z - info: Generating landing page...
2023-04-02T17:58:23.155Z - info: Landing page built, other pages will be built as you navigate to them!
2023-04-02T17:58:24.378Z - info: Site data built
2023-04-02T17:58:24.378Z - info: Website generation (lazy) complete! Total build time: 29.524s
2023-04-02T17:58:26.808Z - info: Serving "C:\repos\nus-cs2103\cs2103-website-base\_site" at http://127.0.0.1:60187
2023-04-02T17:58:26.808Z - info: Press CTRL+C to stop ...
2023-04-02T17:58:29.285Z - info: [1:58:29 am] Reload for file change: C:\repos\nus-cs2103\cs2103-website-base\admin\tp-tasks-fragment.md
2023-04-02T17:58:29.285Z - info: Synchronizing opened pages list before reload
2023-04-02T17:58:29.286Z - info: No pages are currently opened
2023-04-02T17:58:30.814Z - info: No pages needed to be rebuilt
2023-04-02T17:59:17.625Z - info: [1:59:17 am] Reload for file change: C:\repos\nus-cs2103\cs2103-website-base\admin\tp-tasks-fragment.md
2023-04-02T17:59:17.625Z - info: Synchronizing opened pages list before reload
2023-04-02T17:59:17.626Z - info: Current opened pages, from most-to-least recent:
2023-04-02T17:59:17.627Z - info: 1. index
2023-04-02T17:59:18.633Z - info: Rebuilding 1 pages
2023-04-02T17:59:19.423Z - info: Building C:\repos\nus-cs2103\cs2103-website-base\schedule\week12\project as some of its dependencies were changed since the last visit
2023-04-02T17:59:22.170Z - info: Site data built
2023-04-02T17:59:22.170Z - info: Pages rebuilt
2023-04-02T17:59:22.171Z - info: Website regeneration complete! Total build time: 3.539s
2023-04-02T17:59:22.300Z - info: Site data built
2023-04-02T17:59:22.301Z - info: Lazy website regeneration complete! Total build time: 2.88s
2023-04-02T18:00:31.385Z - info: [2:00:31 am] Reload for file change: C:\repos\nus-cs2103\cs2103-website-base\admin\tp-tasks-fragment.md
2023-04-02T18:00:31.386Z - info: Synchronizing opened pages list before reload
2023-04-02T18:00:31.387Z - info: Current opened pages, from most-to-least recent:
2023-04-02T18:00:31.387Z - info: 1. schedule/week12/project
2023-04-02T18:00:32.394Z - info: Rebuilding 1 pages
2023-04-02T18:00:35.073Z - info: Site data built
2023-04-02T18:00:35.073Z - info: Pages rebuilt
2023-04-02T18:00:35.073Z - info: Website regeneration complete! Total build time: 2.68s
2023-04-02T18:00:50.476Z - info: [2:00:50 am] Reload for file change: C:\repos\nus-cs2103\cs2103-website-base\admin\tp-tasks-fragment.md
2023-04-02T18:00:50.476Z - info: Synchronizing opened pages list before reload
2023-04-02T18:00:50.477Z - info: Current opened pages, from most-to-least recent:
2023-04-02T18:00:50.477Z - info: 1. schedule/week12/project
2023-04-02T18:00:51.480Z - info: Rebuilding 1 pages
2023-04-02T18:00:54.214Z - info: Site data built
2023-04-02T18:00:54.215Z - info: Pages rebuilt
2023-04-02T18:00:54.215Z - info: Website regeneration complete! Total build time: 2.736s
2023-04-02T18:01:24.743Z - info: [2:01:24 am] Reload for file change: C:\repos\nus-cs2103\cs2103-website-base\admin\tp-tasks-fragment.md
2023-04-02T18:01:24.743Z - info: Synchronizing opened pages list before reload
2023-04-02T18:01:24.744Z - info: Current opened pages, from most-to-least recent:
2023-04-02T18:01:24.744Z - info: 1. schedule/week12/project
2023-04-02T18:01:25.755Z - info: Rebuilding 1 pages
2023-04-02T18:01:28.395Z - info: Site data built
2023-04-02T18:01:28.396Z - info: Pages rebuilt
2023-04-02T18:01:28.396Z - info: Website regeneration complete! Total build time: 2.642s
2023-04-02T18:02:23.288Z - info: [2:02:23 am] Reload for file change: C:\repos\nus-cs2103\cs2103-website-base\admin\tp-tasks-fragment.md
2023-04-02T18:02:23.288Z - info: Synchronizing opened pages list before reload
2023-04-02T18:02:23.288Z - info: Current opened pages, from most-to-least recent:
2023-04-02T18:02:23.289Z - info: 1. schedule/week12/project
2023-04-02T18:02:24.305Z - info: Rebuilding 1 pages
2023-04-02T18:02:26.500Z - info: Site data built
2023-04-02T18:02:26.501Z - info: Pages rebuilt
2023-04-02T18:02:26.501Z - info: Website regeneration complete! Total build time: 2.197s
2023-04-02T18:03:21.844Z - info: [2:03:21 am] Reload for file change: C:\repos\nus-cs2103\cs2103-website-base\admin\tp-tasks-fragment.md
2023-04-02T18:03:21.844Z - info: Synchronizing opened pages list before reload
2023-04-02T18:03:21.844Z - info: Current opened pages, from most-to-least recent:
2023-04-02T18:03:21.844Z - info: 1. schedule/week12/project
2023-04-02T18:03:22.859Z - info: Rebuilding 1 pages
2023-04-02T18:03:24.985Z - info: Site data built
2023-04-02T18:03:24.986Z - info: Pages rebuilt
2023-04-02T18:03:24.986Z - info: Website regeneration complete! Total build time: 2.128s
2023-04-02T18:04:54.885Z - info: Website generation started at 2:04:52 am
2023-04-02T18:05:06.371Z - info: Building assets...
2023-04-02T18:05:14.635Z - info: Assets built
2023-04-02T18:05:14.637Z - info: Generating pages...
2023-04-02T18:05:26.307Z - debug:  
2023-04-02T18:05:26.366Z - debug:  
2023-04-02T18:05:26.366Z - debug:  
2023-04-02T18:05:26.367Z - debug:  
2023-04-02T18:05:26.367Z - debug:  
2023-04-02T18:05:26.367Z - debug:  
2023-04-02T18:05:26.368Z - debug:  
2023-04-02T18:05:26.368Z - debug:  
2023-04-02T18:05:26.368Z - debug:  
2023-04-02T18:05:26.368Z - debug:  
2023-04-02T18:05:26.368Z - debug:  
2023-04-02T18:05:26.378Z - debug:  
2023-04-02T18:05:26.719Z - debug:  
2023-04-02T18:07:21.007Z - debug:  
2023-04-02T18:07:35.172Z - debug:  
2023-04-02T18:07:35.249Z - debug:  
2023-04-02T18:07:43.373Z - info: Pages built
2023-04-02T18:07:44.641Z - info: Site data built
2023-04-02T18:07:44.642Z - info: Website generation complete! Total build time: 172.439s
2023-04-02T18:07:44.642Z - info: Build success!
2023-04-02T18:10:27.986Z - info: The website has been deployed at: https://nus-cs2103-ay2223s2.github.io/website
2023-04-03T08:15:03.756Z - info: Website generation (lazy) started at 4:14:56 pm
2023-04-03T08:15:20.037Z - info: Building assets...
2023-04-03T08:15:28.820Z - info: Assets built
2023-04-03T08:15:28.820Z - info: Generating landing page...
2023-04-03T08:15:29.943Z - info: Landing page built, other pages will be built as you navigate to them!
2023-04-03T08:15:31.063Z - info: Site data built
2023-04-03T08:15:31.064Z - info: Website generation (lazy) complete! Total build time: 34.588s
2023-04-03T08:15:31.996Z - info: Serving "C:\repos\nus-cs2103\cs2103-website-base\_site" at http://127.0.0.1:8080
2023-04-03T08:15:31.997Z - info: Press CTRL+C to stop ...
2023-04-03T08:18:24.949Z - info: Building C:\repos\nus-cs2103\cs2103-website-base\schedule\week12\project as some of its dependencies were changed since the last visit
2023-04-03T08:18:28.735Z - info: Site data built
2023-04-03T08:18:28.738Z - info: Lazy website regeneration complete! Total build time: 3.79s
2023-04-03T08:18:29.272Z - info: Building C:\repos\nus-cs2103\cs2103-website-base\schedule\week12\project as some of its dependencies were changed since the last visit
2023-04-03T08:18:31.342Z - info: Site data built
2023-04-03T08:18:31.343Z - info: Lazy website regeneration complete! Total build time: 2.071s
2023-04-03T08:43:03.337Z - info: [4:43:03 pm] Reload for file change: C:\repos\nus-cs2103\cs2103-website-base\admin\tp-tasks-fragment.md
2023-04-03T08:43:03.338Z - info: Synchronizing opened pages list before reload
2023-04-03T08:43:03.339Z - info: Current opened pages, from most-to-least recent:
2023-04-03T08:43:03.339Z - info: 1. schedule/week12/project
2023-04-03T08:43:04.357Z - info: Rebuilding 1 pages
2023-04-03T08:43:07.200Z - info: Site data built
2023-04-03T08:43:07.201Z - info: Pages rebuilt
2023-04-03T08:43:07.201Z - info: Website regeneration complete! Total build time: 2.845s
2023-04-03T08:44:47.552Z - info: [4:44:47 pm] Reload for file change: C:\repos\nus-cs2103\cs2103-website-base\admin\tp-tasks-fragment.md
2023-04-03T08:44:47.553Z - info: Synchronizing opened pages list before reload
2023-04-03T08:44:47.554Z - info: Current opened pages, from most-to-least recent:
2023-04-03T08:44:47.554Z - info: 1. schedule/week12/project
2023-04-03T08:44:48.559Z - info: Rebuilding 1 pages
2023-04-03T08:44:51.194Z - info: Site data built
2023-04-03T08:44:51.195Z - info: Pages rebuilt
2023-04-03T08:44:51.195Z - info: Website regeneration complete! Total build time: 2.638s
2023-04-03T08:45:14.862Z - info: [4:45:14 pm] Reload for file change: C:\repos\nus-cs2103\cs2103-website-base\admin\tp-tasks-fragment.md
2023-04-03T08:45:14.863Z - info: Synchronizing opened pages list before reload
2023-04-03T08:45:14.864Z - info: Current opened pages, from most-to-least recent:
2023-04-03T08:45:14.864Z - info: 1. schedule/week12/project
2023-04-03T08:45:15.871Z - info: Rebuilding 1 pages
2023-04-03T08:45:18.487Z - info: Site data built
2023-04-03T08:45:18.487Z - info: Pages rebuilt
2023-04-03T08:45:18.488Z - info: Website regeneration complete! Total build time: 2.618s
2023-04-03T08:52:30.966Z - info: [4:52:30 pm] Reload for file change: C:\repos\nus-cs2103\cs2103-website-base\admin\tp-tasks-fragment.md
2023-04-03T08:52:30.966Z - info: Synchronizing opened pages list before reload
2023-04-03T08:52:30.966Z - info: Current opened pages, from most-to-least recent:
2023-04-03T08:52:30.967Z - info: 1. schedule/week12/project
2023-04-03T08:52:31.974Z - info: Rebuilding 1 pages
2023-04-03T08:52:34.682Z - info: Site data built
2023-04-03T08:52:34.683Z - info: Pages rebuilt
2023-04-03T08:52:34.683Z - info: Website regeneration complete! Total build time: 2.71s
2023-04-03T08:52:51.892Z - info: [4:52:51 pm] Reload for file change: C:\repos\nus-cs2103\cs2103-website-base\admin\tp-tasks-fragment.md
2023-04-03T08:52:51.894Z - info: Synchronizing opened pages list before reload
2023-04-03T08:52:51.894Z - info: Current opened pages, from most-to-least recent:
2023-04-03T08:52:51.895Z - info: 1. schedule/week12/project
2023-04-03T08:52:52.905Z - info: Rebuilding 1 pages
2023-04-03T08:52:55.545Z - info: Site data built
2023-04-03T08:52:55.545Z - info: Pages rebuilt
2023-04-03T08:52:55.545Z - info: Website regeneration complete! Total build time: 2.64s
2023-04-03T08:53:52.569Z - info: [4:53:52 pm] Reload for file change: C:\repos\nus-cs2103\cs2103-website-base\admin\tp-tasks-fragment.md
2023-04-03T08:53:52.573Z - info: Synchronizing opened pages list before reload
2023-04-03T08:53:52.576Z - info: Current opened pages, from most-to-least recent:
2023-04-03T08:53:52.578Z - info: 1. schedule/week12/project
2023-04-03T08:53:53.583Z - info: Rebuilding 1 pages
2023-04-03T08:53:56.251Z - info: Site data built
2023-04-03T08:53:56.252Z - info: Pages rebuilt
2023-04-03T08:53:56.252Z - info: Website regeneration complete! Total build time: 2.67s
2023-04-03T08:54:28.812Z - info: [4:54:28 pm] Reload for file change: C:\repos\nus-cs2103\cs2103-website-base\admin\tp-tasks-fragment.md
2023-04-03T08:54:28.813Z - info: Synchronizing opened pages list before reload
2023-04-03T08:54:28.814Z - info: Current opened pages, from most-to-least recent:
2023-04-03T08:54:28.816Z - info: 1. schedule/week12/project
2023-04-03T08:54:29.824Z - info: Rebuilding 1 pages
2023-04-03T08:54:32.455Z - info: Site data built
2023-04-03T08:54:32.456Z - info: Pages rebuilt
2023-04-03T08:54:32.457Z - info: Website regeneration complete! Total build time: 2.633s
2023-04-03T08:56:25.308Z - info: [4:56:25 pm] Reload for file change: C:\repos\nus-cs2103\cs2103-website-base\admin\tp-tasks-fragment.md
2023-04-03T08:56:25.309Z - info: Synchronizing opened pages list before reload
2023-04-03T08:56:25.309Z - info: Current opened pages, from most-to-least recent:
2023-04-03T08:56:25.309Z - info: 1. schedule/week12/project
2023-04-03T08:56:26.319Z - info: Rebuilding 1 pages
2023-04-03T08:56:28.817Z - info: Site data built
2023-04-03T08:56:28.817Z - info: Pages rebuilt
2023-04-03T08:56:28.817Z - info: Website regeneration complete! Total build time: 2.499s
2023-04-03T08:58:54.153Z - info: [4:58:54 pm] Reload for file change: C:\repos\nus-cs2103\cs2103-website-base\admin\tp-tasks-fragment.md
2023-04-03T08:58:54.155Z - info: Synchronizing opened pages list before reload
2023-04-03T08:58:54.157Z - info: Current opened pages, from most-to-least recent:
2023-04-03T08:58:54.158Z - info: 1. schedule/week12/project
2023-04-03T08:58:55.174Z - info: Rebuilding 1 pages
2023-04-03T08:58:58.120Z - info: Site data built
2023-04-03T08:58:58.121Z - info: Pages rebuilt
2023-04-03T08:58:58.121Z - info: Website regeneration complete! Total build time: 2.948s
2023-04-03T08:59:29.934Z - info: Building C:\repos\nus-cs2103\cs2103-website-base\admin\index as some of its dependencies were changed since the last visit
2023-04-03T08:59:30.513Z - info: Site data built
2023-04-03T08:59:30.513Z - info: Lazy website regeneration complete! Total build time: 0.58s
2023-04-03T08:59:51.494Z - info: Building C:\repos\nus-cs2103\cs2103-website-base\admin\tp-pe as some of its dependencies were changed since the last visit
2023-04-03T08:59:52.999Z - info: Site data built
2023-04-03T08:59:53.000Z - info: Lazy website regeneration complete! Total build time: 1.506s
2023-04-03T09:06:05.031Z - info: [5:06:05 pm] Reload for file change: C:\repos\nus-cs2103\cs2103-website-base\admin\tp-tasks-fragment.md
2023-04-03T09:06:05.032Z - info: Synchronizing opened pages list before reload
2023-04-03T09:06:05.032Z - info: Current opened pages, from most-to-least recent:
2023-04-03T09:06:05.032Z - info: 1. admin/tp-pe
2023-04-03T09:06:05.059Z - info: [5:06:05 pm] Reload for file change: C:\repos\nus-cs2103\cs2103-website-base\admin\tp-ped-fragment.md
2023-04-03T09:06:05.060Z - info: Synchronizing opened pages list before reload
2023-04-03T09:06:05.060Z - info: Current opened pages, from most-to-least recent:
2023-04-03T09:06:05.060Z - info: 1. admin/tp-pe
2023-04-03T09:06:06.038Z - info: Rebuilding 1 pages
2023-04-03T09:06:07.773Z - info: Site data built
2023-04-03T09:06:07.773Z - info: Pages rebuilt
2023-04-03T09:06:07.773Z - info: Website regeneration complete! Total build time: 1.736s
2023-04-03T09:06:57.771Z - info: [5:06:57 pm] Reload for file change: C:\repos\nus-cs2103\cs2103-website-base\admin\tp-ped-fragment.md
2023-04-03T09:06:57.772Z - info: Synchronizing opened pages list before reload
2023-04-03T09:06:57.773Z - info: Current opened pages, from most-to-least recent:
2023-04-03T09:06:57.773Z - info: 1. admin/tp-pe
2023-04-03T09:06:58.782Z - info: Rebuilding 1 pages
2023-04-03T09:07:00.492Z - info: Site data built
2023-04-03T09:07:00.492Z - info: Pages rebuilt
2023-04-03T09:07:00.493Z - info: Website regeneration complete! Total build time: 1.711s
2023-04-03T09:10:32.940Z - info: [5:10:32 pm] Reload for file change: C:\repos\nus-cs2103\cs2103-website-base\admin\tp-tasks-fragment.md
2023-04-03T09:10:32.941Z - info: Synchronizing opened pages list before reload
2023-04-03T09:10:32.941Z - info: Current opened pages, from most-to-least recent:
2023-04-03T09:10:32.942Z - info: 1. admin/tp-pe
2023-04-03T09:10:32.966Z - info: [5:10:32 pm] Reload for file change: C:\repos\nus-cs2103\cs2103-website-base\admin\tp-ped-fragment.md
2023-04-03T09:10:32.967Z - info: Synchronizing opened pages list before reload
2023-04-03T09:10:32.967Z - info: Current opened pages, from most-to-least recent:
2023-04-03T09:10:32.967Z - info: 1. admin/tp-pe
2023-04-03T09:10:33.964Z - info: Rebuilding 1 pages
2023-04-03T09:10:35.657Z - info: Site data built
2023-04-03T09:10:35.657Z - info: Pages rebuilt
2023-04-03T09:10:35.657Z - info: Website regeneration complete! Total build time: 1.695s
2023-04-03T09:10:49.310Z - info: Building C:\repos\nus-cs2103\cs2103-website-base\index as some of its dependencies were changed since the last visit
2023-04-03T09:10:49.852Z - info: Site data built
2023-04-03T09:10:49.852Z - info: Lazy website regeneration complete! Total build time: 0.542s
2023-04-03T09:10:53.120Z - info: Building C:\repos\nus-cs2103\cs2103-website-base\schedule\week12\project as some of its dependencies were changed since the last visit
2023-04-03T09:10:55.334Z - info: Site data built
2023-04-03T09:10:55.334Z - info: Lazy website regeneration complete! Total build time: 2.214s
2023-04-03T09:11:17.605Z - info: [5:11:17 pm] Reload for file change: C:\repos\nus-cs2103\cs2103-website-base\admin\tp-tasks-fragment.md
2023-04-03T09:11:17.605Z - info: Synchronizing opened pages list before reload
2023-04-03T09:11:17.606Z - info: Current opened pages, from most-to-least recent:
2023-04-03T09:11:17.606Z - info: 1. schedule/week12/project
2023-04-03T09:11:17.606Z - info: 2. admin/tp-pe
2023-04-03T09:11:18.617Z - info: Rebuilding 2 pages
2023-04-03T09:11:22.263Z - info: Site data built
2023-04-03T09:11:22.264Z - info: Pages rebuilt
2023-04-03T09:11:22.264Z - info: Website regeneration complete! Total build time: 3.648s
2023-04-03T09:11:36.553Z - info: [5:11:36 pm] Reload for file change: C:\repos\nus-cs2103\cs2103-website-base\admin\tp-tasks-fragment.md
2023-04-03T09:11:36.556Z - info: Synchronizing opened pages list before reload
2023-04-03T09:11:36.557Z - info: Current opened pages, from most-to-least recent:
2023-04-03T09:11:36.559Z - info: 1. schedule/week12/project
2023-04-03T09:11:36.560Z - info: 2. admin/tp-pe
2023-04-03T09:11:37.566Z - info: Rebuilding 2 pages
2023-04-03T09:11:40.930Z - info: Site data built
2023-04-03T09:11:40.931Z - info: Pages rebuilt
2023-04-03T09:11:40.931Z - info: Website regeneration complete! Total build time: 3.366s
2023-04-03T09:13:52.297Z - info: Website generation started at 5:13:50 pm
2023-04-03T09:14:05.626Z - info: Building assets...
2023-04-03T09:14:13.783Z - info: Assets built
2023-04-03T09:14:13.784Z - info: Generating pages...
2023-04-03T09:14:26.062Z - debug:  
2023-04-03T09:14:26.062Z - debug:  
2023-04-03T09:14:26.062Z - debug:  
2023-04-03T09:14:26.063Z - debug:  
2023-04-03T09:14:26.063Z - debug:  
2023-04-03T09:14:26.063Z - debug:  
2023-04-03T09:14:26.063Z - debug:  
2023-04-03T09:14:26.064Z - debug:  
2023-04-03T09:14:26.064Z - debug:  
2023-04-03T09:14:26.064Z - debug:  
2023-04-03T09:14:26.064Z - debug:  
2023-04-03T09:14:26.064Z - debug:  
2023-04-03T09:14:26.485Z - debug:  
2023-04-03T09:16:14.720Z - debug:  
2023-04-03T09:16:26.674Z - debug:  
2023-04-03T09:16:26.674Z - debug:  
2023-04-03T09:16:34.274Z - info: Pages built
2023-04-03T09:16:35.293Z - info: Site data built
2023-04-03T09:16:35.294Z - info: Website generation complete! Total build time: 164.672s
2023-04-03T09:16:35.294Z - info: Build success!
2023-04-03T09:21:16.692Z - info: The website has been deployed at: https://nus-cs2103-ay2223s2.github.io/website
2023-04-03T09:46:47.082Z - info: Website generation started at 5:46:42 pm
2023-04-03T09:46:58.613Z - info: Building assets...
2023-04-03T09:47:06.617Z - info: Assets built
2023-04-03T09:47:06.618Z - info: Generating pages...
2023-04-03T09:47:17.620Z - debug:  
2023-04-03T09:47:17.620Z - debug:  
2023-04-03T09:47:17.620Z - debug:  
2023-04-03T09:47:17.621Z - debug:  
2023-04-03T09:47:17.621Z - debug:  
2023-04-03T09:47:17.621Z - debug:  
2023-04-03T09:47:17.621Z - debug:  
2023-04-03T09:47:17.622Z - debug:  
2023-04-03T09:47:17.622Z - debug:  
2023-04-03T09:47:17.622Z - debug:  
2023-04-03T09:47:17.622Z - debug:  
2023-04-03T09:47:17.622Z - debug:  
2023-04-03T09:47:18.052Z - debug:  
2023-04-03T09:49:03.678Z - debug:  
2023-04-03T09:49:15.406Z - debug:  
2023-04-03T09:49:15.406Z - debug:  
2023-04-03T09:49:22.957Z - info: Pages built
2023-04-03T09:49:23.956Z - info: Site data built
2023-04-03T09:49:23.957Z - info: Website generation complete! Total build time: 161.174s
2023-04-03T09:49:23.957Z - info: Build success!
2023-04-03T09:51:03.266Z - info: The website has been deployed at: https://nus-cs2103-ay2223s2.github.io/website
2023-04-03T13:00:14.995Z - info: Website generation started at 9:00:08 pm
2023-04-03T13:00:29.350Z - info: Building assets...
2023-04-03T13:00:37.607Z - info: Assets built
2023-04-03T13:00:37.608Z - info: Generating pages...
2023-04-03T13:00:50.205Z - debug:  
2023-04-03T13:00:50.205Z - debug:  
2023-04-03T13:00:50.205Z - debug:  
2023-04-03T13:00:50.206Z - debug:  
2023-04-03T13:00:50.206Z - debug:  
2023-04-03T13:00:50.206Z - debug:  
2023-04-03T13:00:50.207Z - debug:  
2023-04-03T13:00:50.207Z - debug:  
2023-04-03T13:00:50.207Z - debug:  
2023-04-03T13:00:50.207Z - debug:  
2023-04-03T13:00:50.207Z - debug:  
2023-04-03T13:00:50.208Z - debug:  
2023-04-03T13:00:50.841Z - debug:  
2023-04-03T13:02:45.704Z - debug:  
2023-04-03T13:02:57.940Z - debug:  
2023-04-03T13:02:57.945Z - debug:  
2023-04-03T13:03:05.972Z - info: Pages built
2023-04-03T13:03:07.057Z - info: Site data built
2023-04-03T13:03:07.057Z - info: Website generation complete! Total build time: 178.686s
2023-04-03T13:03:07.057Z - info: Build success!
2023-04-03T13:05:33.604Z - info: The website has been deployed at: https://nus-cs2103-ay2223s2.github.io/website
2023-04-03T13:10:20.531Z - info: Website generation started at 9:10:14 pm
2023-04-03T13:10:33.417Z - info: Building assets...
2023-04-03T13:10:41.997Z - info: Assets built
2023-04-03T13:10:41.999Z - info: Generating pages...
2023-04-03T13:10:53.203Z - debug:  
2023-04-03T13:10:53.203Z - debug:  
2023-04-03T13:10:53.204Z - debug:  
2023-04-03T13:10:53.205Z - debug:  
2023-04-03T13:10:53.205Z - debug:  
2023-04-03T13:10:53.205Z - debug:  
2023-04-03T13:10:53.205Z - debug:  
2023-04-03T13:10:53.206Z - debug:  
2023-04-03T13:10:53.206Z - debug:  
2023-04-03T13:10:53.206Z - debug:  
2023-04-03T13:10:53.206Z - debug:  
2023-04-03T13:10:53.206Z - debug:  
2023-04-03T13:10:53.620Z - debug:  
2023-04-03T13:12:49.657Z - debug:  
2023-04-03T13:13:02.060Z - debug:  
2023-04-03T13:13:02.061Z - debug:  
2023-04-03T13:13:10.252Z - info: Pages built
2023-04-03T13:13:11.288Z - info: Site data built
2023-04-03T13:13:11.289Z - info: Website generation complete! Total build time: 176.372s
2023-04-03T13:13:11.289Z - info: Build success!
2023-04-03T13:15:13.634Z - info: The website has been deployed at: https://nus-cs2103-ay2223s2.github.io/website
