2023-04-07T08:45:36.827Z - info: Website generation started at 4:45:27 pm
2023-04-07T08:45:54.819Z - info: Building assets...
2023-04-07T08:46:05.386Z - info: Assets built
2023-04-07T08:46:05.387Z - info: Generating pages...
2023-04-07T08:46:28.518Z - debug:  
2023-04-07T08:46:35.180Z - debug:  
2023-04-07T08:46:35.258Z - debug:  
2023-04-07T08:46:35.278Z - debug:  
2023-04-07T08:46:35.279Z - debug:  
2023-04-07T08:46:35.280Z - debug:  
2023-04-07T08:46:35.280Z - debug:  
2023-04-07T08:46:35.281Z - debug:  
2023-04-07T08:46:35.281Z - debug:  
2023-04-07T08:46:35.282Z - debug:  
2023-04-07T08:46:35.282Z - debug:  
2023-04-07T08:46:35.282Z - debug:  
2023-04-07T08:46:35.972Z - debug:  
2023-04-07T08:49:21.604Z - debug:  
2023-04-07T08:49:34.584Z - debug:  
2023-04-07T08:49:34.593Z - debug:  
2023-04-07T08:49:44.777Z - info: Pages built
2023-04-07T08:49:45.915Z - info: Site data built
2023-04-07T08:49:45.915Z - info: Website generation complete! Total build time: 258.837s
2023-04-07T08:49:45.916Z - info: Build success!
2023-04-07T08:53:12.674Z - info: The website has been deployed at: https://nus-cs2103-ay2223s2.github.io/website
